#
# A fatal error has been detected by the Java Runtime Environment:
#
#  SIGSEGV (0xb) at pc=0x00007f8e00000000, pid=87494, tid=16131
#
# JRE version: Java(TM) SE Runtime Environment (14.0.2+12) (build 14.0.2+12-46)
# Java VM: Java HotSpot(TM) 64-Bit Server VM (14.0.2+12-46, mixed mode, sharing, tiered, compressed oops, parallel gc, bsd-amd64)
# Problematic frame:
# C  0x00007f8e00000000
#
# No core dump will be written. Core dumps have been disabled. To enable core dumping, try "ulimit -c unlimited" before starting Java again
#
# If you would like to submit a bug report, please visit:
#   https://bugreport.java.com/bugreport/crash.jsp
#

---------------  S U M M A R Y ------------

Command Line: --add-modules=ALL-SYSTEM --add-opens=java.base/java.util=ALL-UNNAMED --add-opens=java.base/java.lang=ALL-UNNAMED -Declipse.application=org.eclipse.jdt.ls.core.id1 -Dosgi.bundles.defaultStartLevel=4 -Declipse.product=org.eclipse.jdt.ls.core.product -Dfile.encoding=utf8 -XX:+UseParallelGC -XX:GCTimeRatio=4 -XX:AdaptiveSizePolicyWeight=90 -Dsun.zip.disableMemoryMapping=true -Xmx1G -Xms100m /Users/avishekbhusal/.vscode/extensions/redhat.java-0.70.0/server/plugins/org.eclipse.equinox.launcher_1.6.0.v20200915-1508.jar -configuration /Users/avishekbhusal/Library/Application Support/Code/User/globalStorage/redhat.java/0.70.0/config_mac -data /Users/avishekbhusal/Library/Application Support/Code/User/workspaceStorage/6fe732eadeebe1d5a83c3864aa8d1994/redhat.java/jdt_ws

Host: MacBookPro14,3 x86_64 2800 MHz, 8 cores, 16G, Darwin 19.6.0
Time: Thu Nov 12 22:38:17 2020 AEDT elapsed time: 7 seconds (0d 0h 0m 7s)

---------------  T H R E A D  ---------------

Current thread (0x00007f8e2700b000):  JavaThread "C2 CompilerThread0" daemon [_thread_in_native, id=16131, stack(0x000070000afb5000,0x000070000b0b5000)]


Current CompileTask:
C2:   7732 2896       4       org.eclipse.osgi.internal.loader.BundleLoader::addExportedProvidersFor (167 bytes)

Stack: [0x000070000afb5000,0x000070000b0b5000],  sp=0x000070000b0b0f38,  free space=1007k
Native frames: (J=compiled Java code, A=aot compiled Java code, j=interpreted, Vv=VM code, C=native code)
C  0x00007f8e00000000
V  [libjvm.dylib+0x511328]  PhaseIdealLoop::build_and_optimize(LoopOptsMode)+0x548
V  [libjvm.dylib+0x1f24b2]  PhaseIdealLoop::optimize(PhaseIterGVN&, LoopOptsMode)+0x4c
V  [libjvm.dylib+0x1efae3]  Compile::Optimize()+0x835
V  [libjvm.dylib+0x1ee557]  Compile::Compile(ciEnv*, C2Compiler*, ciMethod*, int, bool, bool, bool, DirectiveSet*)+0x875
V  [libjvm.dylib+0x188468]  C2Compiler::compile_method(ciEnv*, ciMethod*, int, DirectiveSet*)+0xb6
V  [libjvm.dylib+0x1fafb2]  CompileBroker::invoke_compiler_on_method(CompileTask*)+0x5ac
V  [libjvm.dylib+0x1fa86a]  CompileBroker::compiler_thread_loop()+0x1b4
V  [libjvm.dylib+0x6ed18a]  JavaThread::thread_main_inner()+0x86
V  [libjvm.dylib+0x6ecfc8]  JavaThread::run()+0x118
V  [libjvm.dylib+0x6eae07]  Thread::call_run()+0x71
V  [libjvm.dylib+0x5e98be]  thread_native_entry(Thread*)+0x129
C  [libsystem_pthread.dylib+0x6109]  _pthread_start+0x94
C  [libsystem_pthread.dylib+0x1b8b]  thread_start+0xf


siginfo: si_signo: 11 (SIGSEGV), si_code: 1 (SEGV_MAPERR), si_addr: 0x00007f8e00000000

Register to memory mapping:

RAX=0x00007f8e280986c0 points into unknown readable memory: d0 3d 8c 03 01 00 00 00
RBX=0x000070000b0b12d0 is pointing into the stack for thread: 0x00007f8e2700b000
RCX=0x0000000000002001 is an unknown value
RDX=0x00007f8e2ab27010 points into unknown readable memory: 10 c0 03 28 8e 7f 00 00
RSP=0x000070000b0b0f38 is pointing into the stack for thread: 0x00007f8e2700b000
RBP=0x000070000b0b0fb0 is pointing into the stack for thread: 0x00007f8e2700b000
RSI=0x00007f8e278c1ea8 points into unknown readable memory: f8 6a 8c 03 01 00 00 00
RDI=0x00007f8e2625d140 points into unknown readable memory: c0 86 09 28 8e 7f 00 00
R8 =0x000000000000000e is an unknown value
R9 =0xffffffff00000000 is an unknown value
R10=0x000000010391bbc0: _ZL8tc_mutex+0x18 in /Library/Java/JavaVirtualMachines/jdk-14.0.2.jdk/Contents/Home/lib/server/libjvm.dylib at 0x0000000103000000
R11=0x0000000000000c00 is an unknown value
R12=0x000070000b0b1350 is pointing into the stack for thread: 0x00007f8e2700b000
R13=0x0000000000000003 is an unknown value
R14=0x00007f8e2625d140 points into unknown readable memory: c0 86 09 28 8e 7f 00 00
R15=0x0 is NULL


Registers:
RAX=0x00007f8e280986c0, RBX=0x000070000b0b12d0, RCX=0x0000000000002001, RDX=0x00007f8e2ab27010
RSP=0x000070000b0b0f38, RBP=0x000070000b0b0fb0, RSI=0x00007f8e278c1ea8, RDI=0x00007f8e2625d140
R8 =0x000000000000000e, R9 =0xffffffff00000000, R10=0x000000010391bbc0, R11=0x0000000000000c00
R12=0x000070000b0b1350, R13=0x0000000000000003, R14=0x00007f8e2625d140, R15=0x0000000000000000
RIP=0x00007f8e00000000, EFLAGS=0x0000000000010202, ERR=0x0000000000000014
  TRAPNO=0x000000000000000e

Top of Stack: (sp=0x000070000b0b0f38)
0x000070000b0b0f38:   0000000103511e29 000000010379809c
0x000070000b0b0f48:   000070000b0b12d0 000070000b0b1288
0x000070000b0b0f58:   000070000b0b1370 000070000b0b1ce0
0x000070000b0b0f68:   00000001037244d8 000070000b0b12a8
0x000070000b0b0f78:   00007f8e278c1ea8 0000000000002001
0x000070000b0b0f88:   000070000b0b1288 000070000b0b1350
0x000070000b0b0f98:   000070000b0b1370 0000000000000000
0x000070000b0b0fa8:   000070000b0b12d0 000070000b0b1340
0x000070000b0b0fb8:   0000000103511328 00007f8e25906be0
0x000070000b0b0fc8:   0000000000000004 00007f8e248653f0
0x000070000b0b0fd8:   0000000000000000 00007f8e25906c60
0x000070000b0b0fe8:   00000008003e1100 00007f8e25906c60
0x000070000b0b0ff8:   000070000b0b1020 0000000000000000
0x000070000b0b1008:   00007f8e2700b000 000070000b0b1070
0x000070000b0b1018:   00000001036b97c8 00000008003e72a0
0x000070000b0b1028:   0000001500000002 00007f010000000c
0x000070000b0b1038:   00007f8e28869200 000070000b0b1070
0x000070000b0b1048:   0000000103507170 00007f8e2700b000
0x000070000b0b1058:   00007f8e25906c60 000070000b0b10e0
0x000070000b0b1068:   000070000b0b10e0 000070000b0b1150
0x000070000b0b1078:   00000001034e6883 0000000800b8ea38
0x000070000b0b1088:   000070000b0b1190 00007f8e2700b000
0x000070000b0b1098:   0000000000011000 000000000b0b1150
0x000070000b0b10a8:   0000000000000000 0000000000000000
0x000070000b0b10b8:   0000000000000000 0000000000000000
0x000070000b0b10c8:   0000000000010010 0000000000010010
0x000070000b0b10d8:   00007f8e27053458 0000000000000000
0x000070000b0b10e8:   0000000101f58000 000070000b0b1120
0x000070000b0b10f8:   00007fff6dc5016f 0000000000010010
0x000070000b0b1108:   0000000000000000 00007fff941ef000
0x000070000b0b1118:   000000000000000d 000070000b0b1150
0x000070000b0b1128:   00007fff6dc4ed7a 0000000000000000 

Instructions: (pc=0x00007f8e00000000)
0x00007f8dffffff00:   ?? ?? ?? ?? ?? ?? ?? ?? ?? ?? ?? ?? ?? ?? ?? ??
0x00007f8dffffff10:   ?? ?? ?? ?? ?? ?? ?? ?? ?? ?? ?? ?? ?? ?? ?? ??
0x00007f8dffffff20:   ?? ?? ?? ?? ?? ?? ?? ?? ?? ?? ?? ?? ?? ?? ?? ??
0x00007f8dffffff30:   ?? ?? ?? ?? ?? ?? ?? ?? ?? ?? ?? ?? ?? ?? ?? ??
0x00007f8dffffff40:   ?? ?? ?? ?? ?? ?? ?? ?? ?? ?? ?? ?? ?? ?? ?? ??
0x00007f8dffffff50:   ?? ?? ?? ?? ?? ?? ?? ?? ?? ?? ?? ?? ?? ?? ?? ??
0x00007f8dffffff60:   ?? ?? ?? ?? ?? ?? ?? ?? ?? ?? ?? ?? ?? ?? ?? ??
0x00007f8dffffff70:   ?? ?? ?? ?? ?? ?? ?? ?? ?? ?? ?? ?? ?? ?? ?? ??
0x00007f8dffffff80:   ?? ?? ?? ?? ?? ?? ?? ?? ?? ?? ?? ?? ?? ?? ?? ??
0x00007f8dffffff90:   ?? ?? ?? ?? ?? ?? ?? ?? ?? ?? ?? ?? ?? ?? ?? ??
0x00007f8dffffffa0:   ?? ?? ?? ?? ?? ?? ?? ?? ?? ?? ?? ?? ?? ?? ?? ??
0x00007f8dffffffb0:   ?? ?? ?? ?? ?? ?? ?? ?? ?? ?? ?? ?? ?? ?? ?? ??
0x00007f8dffffffc0:   ?? ?? ?? ?? ?? ?? ?? ?? ?? ?? ?? ?? ?? ?? ?? ??
0x00007f8dffffffd0:   ?? ?? ?? ?? ?? ?? ?? ?? ?? ?? ?? ?? ?? ?? ?? ??
0x00007f8dffffffe0:   ?? ?? ?? ?? ?? ?? ?? ?? ?? ?? ?? ?? ?? ?? ?? ??
0x00007f8dfffffff0:   ?? ?? ?? ?? ?? ?? ?? ?? ?? ?? ?? ?? ?? ?? ?? ??
0x00007f8e00000000:   ?? ?? ?? ?? ?? ?? ?? ?? ?? ?? ?? ?? ?? ?? ?? ??
0x00007f8e00000010:   ?? ?? ?? ?? ?? ?? ?? ?? ?? ?? ?? ?? ?? ?? ?? ??
0x00007f8e00000020:   ?? ?? ?? ?? ?? ?? ?? ?? ?? ?? ?? ?? ?? ?? ?? ??
0x00007f8e00000030:   ?? ?? ?? ?? ?? ?? ?? ?? ?? ?? ?? ?? ?? ?? ?? ??
0x00007f8e00000040:   ?? ?? ?? ?? ?? ?? ?? ?? ?? ?? ?? ?? ?? ?? ?? ??
0x00007f8e00000050:   ?? ?? ?? ?? ?? ?? ?? ?? ?? ?? ?? ?? ?? ?? ?? ??
0x00007f8e00000060:   ?? ?? ?? ?? ?? ?? ?? ?? ?? ?? ?? ?? ?? ?? ?? ??
0x00007f8e00000070:   ?? ?? ?? ?? ?? ?? ?? ?? ?? ?? ?? ?? ?? ?? ?? ??
0x00007f8e00000080:   ?? ?? ?? ?? ?? ?? ?? ?? ?? ?? ?? ?? ?? ?? ?? ??
0x00007f8e00000090:   ?? ?? ?? ?? ?? ?? ?? ?? ?? ?? ?? ?? ?? ?? ?? ??
0x00007f8e000000a0:   ?? ?? ?? ?? ?? ?? ?? ?? ?? ?? ?? ?? ?? ?? ?? ??
0x00007f8e000000b0:   ?? ?? ?? ?? ?? ?? ?? ?? ?? ?? ?? ?? ?? ?? ?? ??
0x00007f8e000000c0:   ?? ?? ?? ?? ?? ?? ?? ?? ?? ?? ?? ?? ?? ?? ?? ??
0x00007f8e000000d0:   ?? ?? ?? ?? ?? ?? ?? ?? ?? ?? ?? ?? ?? ?? ?? ??
0x00007f8e000000e0:   ?? ?? ?? ?? ?? ?? ?? ?? ?? ?? ?? ?? ?? ?? ?? ??
0x00007f8e000000f0:   ?? ?? ?? ?? ?? ?? ?? ?? ?? ?? ?? ?? ?? ?? ?? ?? 


Stack slot to memory mapping:
stack at sp + 0 slots: 0x0000000103511e29: _ZN14PhaseIdealLoop16build_loop_earlyER9VectorSetR9Node_ListR10Node_Stack+0x1e7 in /Library/Java/JavaVirtualMachines/jdk-14.0.2.jdk/Contents/Home/lib/server/libjvm.dylib at 0x0000000103000000
stack at sp + 1 slots: 0x000000010379809c: __cxx_global_var_init.6+0x7710 in /Library/Java/JavaVirtualMachines/jdk-14.0.2.jdk/Contents/Home/lib/server/libjvm.dylib at 0x0000000103000000
stack at sp + 2 slots: 0x000070000b0b12d0 is pointing into the stack for thread: 0x00007f8e2700b000
stack at sp + 3 slots: 0x000070000b0b1288 is pointing into the stack for thread: 0x00007f8e2700b000
stack at sp + 4 slots: 0x000070000b0b1370 is pointing into the stack for thread: 0x00007f8e2700b000
stack at sp + 5 slots: 0x000070000b0b1ce0 is pointing into the stack for thread: 0x00007f8e2700b000
stack at sp + 6 slots: 0x00000001037244d8: _ZN9VectorSet4growEj+0x70 in /Library/Java/JavaVirtualMachines/jdk-14.0.2.jdk/Contents/Home/lib/server/libjvm.dylib at 0x0000000103000000
stack at sp + 7 slots: 0x000070000b0b12a8 is pointing into the stack for thread: 0x00007f8e2700b000


---------------  P R O C E S S  ---------------

Threads class SMR info:
_java_thread_list=0x00007f8e2b255f50, length=35, elements={
0x00007f8e26809800, 0x00007f8e2880a800, 0x00007f8e26014800, 0x00007f8e2800f000,
0x00007f8e25029000, 0x00007f8e2700b000, 0x00007f8e2780f000, 0x00007f8e2701b000,
0x00007f8e2701b800, 0x00007f8e28054000, 0x00007f8e2889a000, 0x00007f8e26138800,
0x00007f8e26841000, 0x00007f8e27008800, 0x00007f8e278ad000, 0x00007f8e25027000,
0x00007f8e280ad000, 0x00007f8e2808e000, 0x00007f8e280a8000, 0x00007f8e280a9000,
0x00007f8e288e2800, 0x00007f8e26903800, 0x00007f8e268e8800, 0x00007f8e27136800,
0x00007f8e28145000, 0x00007f8e27987000, 0x00007f8e28146000, 0x00007f8e25119000,
0x00007f8e26916000, 0x00007f8e2694f000, 0x00007f8e28940000, 0x00007f8e2624b800,
0x00007f8e27204800, 0x00007f8e2624c800, 0x00007f8e26931000
}

Java Threads: ( => current thread )
  0x00007f8e26809800 JavaThread "main" [_thread_blocked, id=5635, stack(0x000070000a79a000,0x000070000a89a000)]
  0x00007f8e2880a800 JavaThread "Reference Handler" daemon [_thread_blocked, id=18947, stack(0x000070000aaa3000,0x000070000aba3000)]
  0x00007f8e26014800 JavaThread "Finalizer" daemon [_thread_blocked, id=13315, stack(0x000070000aba6000,0x000070000aca6000)]
  0x00007f8e2800f000 JavaThread "Signal Dispatcher" daemon [_thread_blocked, id=15363, stack(0x000070000adaf000,0x000070000aeaf000)]
  0x00007f8e25029000 JavaThread "Service Thread" daemon [_thread_blocked, id=16899, stack(0x000070000aeb2000,0x000070000afb2000)]
=>0x00007f8e2700b000 JavaThread "C2 CompilerThread0" daemon [_thread_in_native, id=16131, stack(0x000070000afb5000,0x000070000b0b5000)]
  0x00007f8e2780f000 JavaThread "C1 CompilerThread0" daemon [_thread_in_native, id=21763, stack(0x000070000b0b8000,0x000070000b1b8000)]
  0x00007f8e2701b000 JavaThread "Sweeper thread" daemon [_thread_blocked, id=43267, stack(0x000070000b1bb000,0x000070000b2bb000)]
  0x00007f8e2701b800 JavaThread "Common-Cleaner" daemon [_thread_blocked, id=22787, stack(0x000070000b2be000,0x000070000b3be000)]
  0x00007f8e28054000 JavaThread "Notification Thread" daemon [_thread_blocked, id=42755, stack(0x000070000b3c1000,0x000070000b4c1000)]
  0x00007f8e2889a000 JavaThread "process reaper" daemon [_thread_blocked, id=41735, stack(0x000070000b5c7000,0x000070000b5eb000)]
  0x00007f8e26138800 JavaThread "Equinox resolver thread - Equinox Container: 0cab0449-d953-4eb1-ac5b-95911c03c248" daemon [_thread_blocked, id=41483, stack(0x000070000b5ee000,0x000070000b6ee000)]
  0x00007f8e26841000 JavaThread "Equinox resolver thread - Equinox Container: 0cab0449-d953-4eb1-ac5b-95911c03c248" daemon [_thread_blocked, id=40707, stack(0x000070000b6f1000,0x000070000b7f1000)]
  0x00007f8e27008800 JavaThread "Equinox resolver thread - Equinox Container: 0cab0449-d953-4eb1-ac5b-95911c03c248" daemon [_thread_blocked, id=24835, stack(0x000070000b7f4000,0x000070000b8f4000)]
  0x00007f8e278ad000 JavaThread "Equinox resolver thread - Equinox Container: 0cab0449-d953-4eb1-ac5b-95911c03c248" daemon [_thread_blocked, id=40451, stack(0x000070000b8f7000,0x000070000b9f7000)]
  0x00007f8e25027000 JavaThread "Equinox resolver thread - Equinox Container: 0cab0449-d953-4eb1-ac5b-95911c03c248" daemon [_thread_blocked, id=40195, stack(0x000070000b9fa000,0x000070000bafa000)]
  0x00007f8e280ad000 JavaThread "Equinox resolver thread - Equinox Container: 0cab0449-d953-4eb1-ac5b-95911c03c248" daemon [_thread_blocked, id=39683, stack(0x000070000bafd000,0x000070000bbfd000)]
  0x00007f8e2808e000 JavaThread "Active Thread: Equinox Container: 0cab0449-d953-4eb1-ac5b-95911c03c248" [_thread_blocked, id=39427, stack(0x000070000bc00000,0x000070000bd00000)]
  0x00007f8e280a8000 JavaThread "Framework Event Dispatcher: Equinox Container: 0cab0449-d953-4eb1-ac5b-95911c03c248" daemon [_thread_blocked, id=28419, stack(0x000070000c00c000,0x000070000c10c000)]
  0x00007f8e280a9000 JavaThread "Start Level: Equinox Container: 0cab0449-d953-4eb1-ac5b-95911c03c248" daemon [_thread_blocked, id=28931, stack(0x000070000c10f000,0x000070000c20f000)]
  0x00007f8e288e2800 JavaThread "Refresh Thread: Equinox Container: 0cab0449-d953-4eb1-ac5b-95911c03c248" daemon [_thread_blocked, id=38407, stack(0x000070000c212000,0x000070000c312000)]
  0x00007f8e26903800 JavaThread "Equinox resolver thread - Equinox Container: 0cab0449-d953-4eb1-ac5b-95911c03c248" daemon [_thread_blocked, id=37123, stack(0x000070000c51b000,0x000070000c61b000)]
  0x00007f8e268e8800 JavaThread "Equinox resolver thread - Equinox Container: 0cab0449-d953-4eb1-ac5b-95911c03c248" daemon [_thread_blocked, id=36611, stack(0x000070000c61e000,0x000070000c71e000)]
  0x00007f8e27136800 JavaThread "SCR Component Actor" daemon [_thread_blocked, id=49963, stack(0x000070000c7a4000,0x000070000c8a4000)]
  0x00007f8e28145000 JavaThread "Timer-0" daemon [_thread_blocked, id=82435, stack(0x000070000c8a7000,0x000070000c9a7000)]
  0x00007f8e27987000 JavaThread "Worker-JM" [_thread_blocked, id=38159, stack(0x000070000c315000,0x000070000c415000)]
  0x00007f8e28146000 JavaThread "Worker-0" [_thread_blocked, id=37383, stack(0x000070000c418000,0x000070000c518000)]
  0x00007f8e25119000 JavaThread "Worker-1: Loading available Gradle versions" [_thread_in_Java, id=81923, stack(0x000070000c9aa000,0x000070000caaa000)]
  0x00007f8e26916000 JavaThread "Java indexing" daemon [_thread_blocked, id=80387, stack(0x000070000ceb9000,0x000070000cfb9000)]
  0x00007f8e2694f000 JavaThread "Bundle File Closer" daemon [_thread_blocked, id=53255, stack(0x000070000cfbc000,0x000070000d0bc000)]
  0x00007f8e28940000 JavaThread "pool-2-thread-1" [_thread_blocked, id=79875, stack(0x000070000d0bf000,0x000070000d1bf000)]
  0x00007f8e2624b800 JavaThread "pool-1-thread-1" [_thread_blocked, id=79107, stack(0x000070000d1c2000,0x000070000d2c2000)]
  0x00007f8e27204800 JavaThread "Worker-2" [_thread_blocked, id=78851, stack(0x000070000d2c5000,0x000070000d3c5000)]
  0x00007f8e2624c800 JavaThread "C2 CompilerThread1" daemon [_thread_blocked, id=78083, stack(0x000070000d3c8000,0x000070000d4c8000)]
  0x00007f8e26931000 JavaThread "Worker-3" [_thread_blocked, id=54023, stack(0x000070000d4cb000,0x000070000d5cb000)]

Other Threads:
  0x00007f8e25026000 VMThread "VM Thread" [stack: 0x000070000a9a0000,0x000070000aaa0000] [id=12547]
  0x00007f8e27822800 WatcherThread [stack: 0x000070000b4c4000,0x000070000b5c4000] [id=42499]
  0x00007f8e26013800 GCTaskThread "GC Thread#0" [stack: 0x000070000a89d000,0x000070000a99d000] [id=19971]
  0x00007f8e288e1000 GCTaskThread "GC Thread#1" [stack: 0x000070000bd03000,0x000070000be03000] [id=27139]
  0x00007f8e288e2000 GCTaskThread "GC Thread#2" [stack: 0x000070000be06000,0x000070000bf06000] [id=38915]
  0x00007f8e268c3800 GCTaskThread "GC Thread#3" [stack: 0x000070000bf09000,0x000070000c009000] [id=27651]
  0x00007f8e2714c800 GCTaskThread "GC Thread#4" [stack: 0x000070000caad000,0x000070000cbad000] [id=81411]
  0x00007f8e28959800 GCTaskThread "GC Thread#5" [stack: 0x000070000cbb0000,0x000070000ccb0000] [id=81155]
  0x00007f8e2895a800 GCTaskThread "GC Thread#6" [stack: 0x000070000ccb3000,0x000070000cdb3000] [id=80899]
  0x00007f8e2895b000 GCTaskThread "GC Thread#7" [stack: 0x000070000cdb6000,0x000070000ceb6000] [id=51971]

Threads with active compile tasks:
C2 CompilerThread0     7800 2896       4       org.eclipse.osgi.internal.loader.BundleLoader::addExportedProvidersFor (167 bytes)
C1 CompilerThread0     7800 3013       3       sun.security.ssl.SSLAlgorithmDecomposer::decomposes (533 bytes)
C2 CompilerThread1     7800 3002 %     4       sun.security.util.AbstractAlgorithmConstraints::checkAlgorithm @ 98 (140 bytes)

VM state:not at safepoint (normal execution)

VM Mutex/Monitor currently owned by a thread:  ([mutex/lock_event])
[0x00007f8e2450e950] SystemDictionary_lock - owner thread: 0x0000000000000000

Heap address: 0x00000007c0000000, size: 1024 MB, Compressed Oops mode: Zero based, Oop shift amount: 3
Narrow klass base: 0x0000000800000000, Narrow klass shift: 3
Compressed class space size: 1073741824 Address: 0x0000000800b05000

Heap:
 PSYoungGen      total 29184K, used 5960K [0x00000007eab00000, 0x00000007ecc80000, 0x0000000800000000)
  eden space 25088K, 8% used [0x00000007eab00000,0x00000007eacfb5d0,0x00000007ec380000)
  from space 4096K, 95% used [0x00000007ec400000,0x00000007ec7d6d80,0x00000007ec800000)
  to   space 4608K, 0% used [0x00000007ec800000,0x00000007ec800000,0x00000007ecc80000)
 ParOldGen       total 68608K, used 9870K [0x00000007c0000000, 0x00000007c4300000, 0x00000007eab00000)
  object space 68608K, 14% used [0x00000007c0000000,0x00000007c09a3bf0,0x00000007c4300000)
 Metaspace       used 28729K, capacity 30572K, committed 30848K, reserved 1077248K
  class space    used 2940K, capacity 3653K, committed 3712K, reserved 1048576K

Card table byte_map: [0x0000000103f6c000,0x000000010416d000] _byte_map_base: 0x000000010016c000

Marking Bits: (ParMarkBitMap*) 0x000000010396e390
 Begin Bits: [0x00000001042c3000, 0x00000001052c3000)
 End Bits:   [0x00000001052c3000, 0x00000001062c3000)

Polling page: 0x0000000101f77000

Metaspace:

Usage:
  Non-class:     26.29 MB capacity,    25.18 MB ( 96%) used,     1.05 MB (  4%) free+waste,    54.19 KB ( <1%) overhead. 
      Class:      3.57 MB capacity,     2.87 MB ( 81%) used,   684.20 KB ( 19%) free+waste,    27.88 KB ( <1%) overhead. 
       Both:     29.86 MB capacity,    28.06 MB ( 94%) used,     1.72 MB (  6%) free+waste,    82.06 KB ( <1%) overhead. 

Virtual space:
  Non-class space:       28.00 MB reserved,      26.50 MB ( 95%) committed 
      Class space:        1.00 GB reserved,       3.62 MB ( <1%) committed 
             Both:        1.03 GB reserved,      30.12 MB (  3%) committed 

Chunk freelists:
   Non-Class:  193.00 KB
       Class:  7.00 KB
        Both:  200.00 KB

MaxMetaspaceSize: unlimited
CompressedClassSpaceSize: 1.00 GB

CodeHeap 'non-profiled nmethods': size=120028Kb used=1095Kb max_used=1095Kb free=118932Kb
 bounds [0x000000011b229000, 0x000000011b499000, 0x0000000122760000]
CodeHeap 'profiled nmethods': size=120028Kb used=6801Kb max_used=6801Kb free=113226Kb
 bounds [0x0000000113cf2000, 0x00000001143a2000, 0x000000011b229000]
CodeHeap 'non-nmethods': size=5704Kb used=1268Kb max_used=1275Kb free=4435Kb
 bounds [0x0000000113760000, 0x00000001139d0000, 0x0000000113cf2000]
 total_blobs=3548 nmethods=2995 adapters=467
 compilation: enabled
              stopped_count=0, restarted_count=0
 full_count=0

Compilation events (20 events):
Event: 7.697 Thread 0x00007f8e2780f000 nmethod 2952 0x000000011436ee10 code [0x000000011436f000, 0x000000011436f6f0]
Event: 7.699 Thread 0x00007f8e2780f000 2954   !   3       java.util.concurrent.ConcurrentHashMap::initTable (112 bytes)
Event: 7.700 Thread 0x00007f8e2624c800 2956       4       org.eclipse.osgi.container.ModuleWire::getProviderWiring (17 bytes)
Event: 7.700 Thread 0x00007f8e2780f000 nmethod 2954 0x000000011436fa90 code [0x000000011436fc60, 0x00000001143701c0]
Event: 7.700 Thread 0x00007f8e2780f000 2957   !   3       java.lang.ClassLoader::loadClass (122 bytes)
Event: 7.702 Thread 0x00007f8e2780f000 nmethod 2957 0x0000000114370390 code [0x0000000114370720, 0x0000000114372950]
Event: 7.702 Thread 0x00007f8e2780f000 2958       3       java.util.regex.Pattern::isSupplementary (21 bytes)
Event: 7.702 Thread 0x00007f8e2780f000 nmethod 2958 0x0000000114373590 code [0x0000000114373720, 0x0000000114373990]
Event: 7.702 Thread 0x00007f8e2780f000 2953   !   3       org.eclipse.osgi.internal.loader.SystemBundleLoader::findLocalClass (12 bytes)
Event: 7.703 Thread 0x00007f8e2780f000 nmethod 2953 0x0000000114373a90 code [0x0000000114373c40, 0x0000000114373e60]
Event: 7.703 Thread 0x00007f8e2780f000 2960       3       com.sun.org.apache.xerces.internal.utils.XMLSecurityManager::readSystemProperties (99 bytes)
Event: 7.706 Thread 0x00007f8e2780f000 nmethod 2960 0x0000000114373f90 code [0x00000001143741c0, 0x0000000114374b40]
Event: 7.706 Thread 0x00007f8e2780f000 2961       1       com.sun.org.apache.xalan.internal.utils.XMLSecurityManager$Limit::systemProperty (5 bytes)
Event: 7.706 Thread 0x00007f8e2780f000 nmethod 2961 0x000000011b338490 code [0x000000011b338620, 0x000000011b3386f0]
Event: 7.706 Thread 0x00007f8e2780f000 2955       1       java.util.Collections$EmptyEnumeration::hasMoreElements (2 bytes)
Event: 7.706 Thread 0x00007f8e2780f000 nmethod 2955 0x000000011b338790 code [0x000000011b338920, 0x000000011b3389f0]
Event: 7.707 Thread 0x00007f8e2780f000 2962   !   3       java.security.Provider::getService (128 bytes)
Event: 7.708 Thread 0x00007f8e2780f000 nmethod 2962 0x0000000114374e90 code [0x00000001143750e0, 0x0000000114375ec0]
Event: 7.709 Thread 0x00007f8e2780f000 2963       3       com.sun.org.apache.xml.internal.serializer.WriterToUTF8Buffered::write (296 bytes)
Event: 7.709 Thread 0x00007f8e2780f000 nmethod 2963 0x0000000114376290 code [0x0000000114376460, 0x0000000114376aa0]

GC Heap History (10 events):
Event: 2.319 GC heap before
{Heap before GC invocations=1 (full 0):
 PSYoungGen      total 29696K, used 25600K [0x00000007eab00000, 0x00000007ecc00000, 0x0000000800000000)
  eden space 25600K, 100% used [0x00000007eab00000,0x00000007ec400000,0x00000007ec400000)
  from space 4096K, 0% used [0x00000007ec800000,0x00000007ec800000,0x00000007ecc00000)
  to   space 4096K, 0% used [0x00000007ec400000,0x00000007ec400000,0x00000007ec800000)
 ParOldGen       total 68608K, used 0K [0x00000007c0000000, 0x00000007c4300000, 0x00000007eab00000)
  object space 68608K, 0% used [0x00000007c0000000,0x00000007c0000000,0x00000007c4300000)
 Metaspace       used 7045K, capacity 7476K, committed 7808K, reserved 1056768K
  class space    used 705K, capacity 778K, committed 896K, reserved 1048576K
}
Event: 2.324 GC heap after
{Heap after GC invocations=1 (full 0):
 PSYoungGen      total 29696K, used 3282K [0x00000007eab00000, 0x00000007ecc00000, 0x0000000800000000)
  eden space 25600K, 0% used [0x00000007eab00000,0x00000007eab00000,0x00000007ec400000)
  from space 4096K, 80% used [0x00000007ec400000,0x00000007ec734b68,0x00000007ec800000)
  to   space 4096K, 0% used [0x00000007ec800000,0x00000007ec800000,0x00000007ecc00000)
 ParOldGen       total 68608K, used 16K [0x00000007c0000000, 0x00000007c4300000, 0x00000007eab00000)
  object space 68608K, 0% used [0x00000007c0000000,0x00000007c0004000,0x00000007c4300000)
 Metaspace       used 7045K, capacity 7476K, committed 7808K, reserved 1056768K
  class space    used 705K, capacity 778K, committed 896K, reserved 1048576K
}
Event: 3.253 GC heap before
{Heap before GC invocations=2 (full 0):
 PSYoungGen      total 29696K, used 28882K [0x00000007eab00000, 0x00000007ecc00000, 0x0000000800000000)
  eden space 25600K, 100% used [0x00000007eab00000,0x00000007ec400000,0x00000007ec400000)
  from space 4096K, 80% used [0x00000007ec400000,0x00000007ec734b68,0x00000007ec800000)
  to   space 4096K, 0% used [0x00000007ec800000,0x00000007ec800000,0x00000007ecc00000)
 ParOldGen       total 68608K, used 16K [0x00000007c0000000, 0x00000007c4300000, 0x00000007eab00000)
  object space 68608K, 0% used [0x00000007c0000000,0x00000007c0004000,0x00000007c4300000)
 Metaspace       used 7724K, capacity 7936K, committed 8064K, reserved 1056768K
  class space    used 760K, capacity 846K, committed 896K, reserved 1048576K
}
Event: 3.263 GC heap after
{Heap after GC invocations=2 (full 0):
 PSYoungGen      total 29696K, used 4078K [0x00000007eab00000, 0x00000007ecc00000, 0x0000000800000000)
  eden space 25600K, 0% used [0x00000007eab00000,0x00000007eab00000,0x00000007ec400000)
  from space 4096K, 99% used [0x00000007ec800000,0x00000007ecbfbb30,0x00000007ecc00000)
  to   space 4096K, 0% used [0x00000007ec400000,0x00000007ec400000,0x00000007ec800000)
 ParOldGen       total 68608K, used 5446K [0x00000007c0000000, 0x00000007c4300000, 0x00000007eab00000)
  object space 68608K, 7% used [0x00000007c0000000,0x00000007c0551ac8,0x00000007c4300000)
 Metaspace       used 7724K, capacity 7936K, committed 8064K, reserved 1056768K
  class space    used 760K, capacity 846K, committed 896K, reserved 1048576K
}
Event: 5.413 GC heap before
{Heap before GC invocations=3 (full 0):
 PSYoungGen      total 29696K, used 29678K [0x00000007eab00000, 0x00000007ecc00000, 0x0000000800000000)
  eden space 25600K, 99% used [0x00000007eab00000,0x00000007ec3fffd0,0x00000007ec400000)
  from space 4096K, 99% used [0x00000007ec800000,0x00000007ecbfbb30,0x00000007ecc00000)
  to   space 4096K, 0% used [0x00000007ec400000,0x00000007ec400000,0x00000007ec800000)
 ParOldGen       total 68608K, used 5446K [0x00000007c0000000, 0x00000007c4300000, 0x00000007eab00000)
  object space 68608K, 7% used [0x00000007c0000000,0x00000007c0551ac8,0x00000007c4300000)
 Metaspace       used 15118K, capacity 16060K, committed 16256K, reserved 1062912K
  class space    used 1522K, capacity 1888K, committed 1920K, reserved 1048576K
}
Event: 5.420 GC heap after
{Heap after GC invocations=3 (full 0):
 PSYoungGen      total 29696K, used 4083K [0x00000007eab00000, 0x00000007ecc00000, 0x0000000800000000)
  eden space 25600K, 0% used [0x00000007eab00000,0x00000007eab00000,0x00000007ec400000)
  from space 4096K, 99% used [0x00000007ec400000,0x00000007ec7fcc58,0x00000007ec800000)
  to   space 4096K, 0% used [0x00000007ec800000,0x00000007ec800000,0x00000007ecc00000)
 ParOldGen       total 68608K, used 8961K [0x00000007c0000000, 0x00000007c4300000, 0x00000007eab00000)
  object space 68608K, 13% used [0x00000007c0000000,0x00000007c08c04c0,0x00000007c4300000)
 Metaspace       used 15118K, capacity 16060K, committed 16256K, reserved 1062912K
  class space    used 1522K, capacity 1888K, committed 1920K, reserved 1048576K
}
Event: 5.850 GC heap before
{Heap before GC invocations=4 (full 0):
 PSYoungGen      total 29696K, used 22385K [0x00000007eab00000, 0x00000007ecc00000, 0x0000000800000000)
  eden space 25600K, 71% used [0x00000007eab00000,0x00000007ebcdfa98,0x00000007ec400000)
  from space 4096K, 99% used [0x00000007ec400000,0x00000007ec7fcc58,0x00000007ec800000)
  to   space 4096K, 0% used [0x00000007ec800000,0x00000007ec800000,0x00000007ecc00000)
 ParOldGen       total 68608K, used 8961K [0x00000007c0000000, 0x00000007c4300000, 0x00000007eab00000)
  object space 68608K, 13% used [0x00000007c0000000,0x00000007c08c04c0,0x00000007c4300000)
 Metaspace       used 19923K, capacity 20923K, committed 21248K, reserved 1069056K
  class space    used 1864K, capacity 2225K, committed 2304K, reserved 1048576K
}
Event: 5.864 GC heap after
{Heap after GC invocations=4 (full 0):
 PSYoungGen      total 29696K, used 4074K [0x00000007eab00000, 0x00000007ecc00000, 0x0000000800000000)
  eden space 25600K, 0% used [0x00000007eab00000,0x00000007eab00000,0x00000007ec400000)
  from space 4096K, 99% used [0x00000007ec800000,0x00000007ecbfabd8,0x00000007ecc00000)
  to   space 4096K, 0% used [0x00000007ec400000,0x00000007ec400000,0x00000007ec800000)
 ParOldGen       total 68608K, used 9601K [0x00000007c0000000, 0x00000007c4300000, 0x00000007eab00000)
  object space 68608K, 13% used [0x00000007c0000000,0x00000007c09606e0,0x00000007c4300000)
 Metaspace       used 19923K, capacity 20923K, committed 21248K, reserved 1069056K
  class space    used 1864K, capacity 2225K, committed 2304K, reserved 1048576K
}
Event: 5.864 GC heap before
{Heap before GC invocations=5 (full 1):
 PSYoungGen      total 29696K, used 4074K [0x00000007eab00000, 0x00000007ecc00000, 0x0000000800000000)
  eden space 25600K, 0% used [0x00000007eab00000,0x00000007eab00000,0x00000007ec400000)
  from space 4096K, 99% used [0x00000007ec800000,0x00000007ecbfabd8,0x00000007ecc00000)
  to   space 4096K, 0% used [0x00000007ec400000,0x00000007ec400000,0x00000007ec800000)
 ParOldGen       total 68608K, used 9601K [0x00000007c0000000, 0x00000007c4300000, 0x00000007eab00000)
  object space 68608K, 13% used [0x00000007c0000000,0x00000007c09606e0,0x00000007c4300000)
 Metaspace       used 19923K, capacity 20923K, committed 21248K, reserved 1069056K
  class space    used 1864K, capacity 2225K, committed 2304K, reserved 1048576K
}
Event: 5.887 GC heap after
{Heap after GC invocations=5 (full 1):
 PSYoungGen      total 29696K, used 0K [0x00000007eab00000, 0x00000007ecc00000, 0x0000000800000000)
  eden space 25600K, 0% used [0x00000007eab00000,0x00000007eab00000,0x00000007ec400000)
  from space 4096K, 0% used [0x00000007ec800000,0x00000007ec800000,0x00000007ecc00000)
  to   space 4096K, 0% used [0x00000007ec400000,0x00000007ec400000,0x00000007ec800000)
 ParOldGen       total 68608K, used 9862K [0x00000007c0000000, 0x00000007c4300000, 0x00000007eab00000)
  object space 68608K, 14% used [0x00000007c0000000,0x00000007c09a1bf0,0x00000007c4300000)
 Metaspace       used 19923K, capacity 20923K, committed 21248K, reserved 1069056K
  class space    used 1864K, capacity 2225K, committed 2304K, reserved 1048576K
}

Deoptimization events (20 events):
Event: 7.677 Thread 0x00007f8e25119000 Uncommon trap: trap_request=0xffffff45 fr.pc=0x000000011b2d6144 relative=0x00000000000002a4
Event: 7.677 Thread 0x00007f8e25119000 Uncommon trap: reason=unstable_if action=reinterpret pc=0x000000011b2d6144 method=java.lang.StringUTF16.compress([CII)[B @ 13 c2
Event: 7.677 Thread 0x00007f8e25119000 DEOPT PACKING pc=0x000000011b2d6144 sp=0x000070000caa5a70
Event: 7.677 Thread 0x00007f8e25119000 DEOPT UNPACKING pc=0x00000001137a8e25 sp=0x000070000caa59b0 mode 2
Event: 7.698 Thread 0x00007f8e2624b800 Uncommon trap: trap_request=0xffffffde fr.pc=0x000000011b337e64 relative=0x0000000000000124
Event: 7.698 Thread 0x00007f8e2624b800 Uncommon trap: reason=class_check action=maybe_recompile pc=0x000000011b337e64 method=jdk.internal.misc.Unsafe.allocateUninitializedArray(Ljava/lang/Class;I)Ljava/lang/Object; @ 51 c2
Event: 7.698 Thread 0x00007f8e2624b800 DEOPT PACKING pc=0x000000011b337e64 sp=0x000070000d2bf710
Event: 7.698 Thread 0x00007f8e2624b800 DEOPT UNPACKING pc=0x00000001137a8e25 sp=0x000070000d2bf6b8 mode 2
Event: 7.700 Thread 0x00007f8e2624b800 Uncommon trap: trap_request=0xffffffde fr.pc=0x000000011b337e64 relative=0x0000000000000124
Event: 7.700 Thread 0x00007f8e2624b800 Uncommon trap: reason=class_check action=maybe_recompile pc=0x000000011b337e64 method=jdk.internal.misc.Unsafe.allocateUninitializedArray(Ljava/lang/Class;I)Ljava/lang/Object; @ 51 c2
Event: 7.700 Thread 0x00007f8e2624b800 DEOPT PACKING pc=0x000000011b337e64 sp=0x000070000d2bfc50
Event: 7.700 Thread 0x00007f8e2624b800 DEOPT UNPACKING pc=0x00000001137a8e25 sp=0x000070000d2bfbf8 mode 2
Event: 7.704 Thread 0x00007f8e2624b800 Uncommon trap: trap_request=0xffffffde fr.pc=0x000000011b337e64 relative=0x0000000000000124
Event: 7.704 Thread 0x00007f8e2624b800 Uncommon trap: reason=class_check action=maybe_recompile pc=0x000000011b337e64 method=jdk.internal.misc.Unsafe.allocateUninitializedArray(Ljava/lang/Class;I)Ljava/lang/Object; @ 51 c2
Event: 7.704 Thread 0x00007f8e2624b800 DEOPT PACKING pc=0x000000011b337e64 sp=0x000070000d2bfb80
Event: 7.704 Thread 0x00007f8e2624b800 DEOPT UNPACKING pc=0x00000001137a8e25 sp=0x000070000d2bfb28 mode 2
Event: 7.708 Thread 0x00007f8e2624b800 Uncommon trap: trap_request=0xffffffde fr.pc=0x000000011b337e64 relative=0x0000000000000124
Event: 7.708 Thread 0x00007f8e2624b800 Uncommon trap: reason=class_check action=maybe_recompile pc=0x000000011b337e64 method=jdk.internal.misc.Unsafe.allocateUninitializedArray(Ljava/lang/Class;I)Ljava/lang/Object; @ 51 c2
Event: 7.708 Thread 0x00007f8e2624b800 DEOPT PACKING pc=0x000000011b337e64 sp=0x000070000d2bfb50
Event: 7.708 Thread 0x00007f8e2624b800 DEOPT UNPACKING pc=0x00000001137a8e25 sp=0x000070000d2bfaf8 mode 2

Classes unloaded (0 events):
No events

Classes redefined (0 events):
No events

Internal exceptions (20 events):
Event: 5.060 Thread 0x00007f8e280a9000 Exception <a 'java/io/FileNotFoundException'{0x00000007ec06ed28}> (0x00000007ec06ed28) 
thrown [./open/src/hotspot/share/prims/jni.cpp, line 599]
Event: 5.065 Thread 0x00007f8e280a9000 Exception <a 'java/io/FileNotFoundException'{0x00000007ec0807c8}> (0x00000007ec0807c8) 
thrown [./open/src/hotspot/share/prims/jni.cpp, line 599]
Event: 5.452 Thread 0x00007f8e280a9000 Exception <a 'java/io/FileNotFoundException'{0x00000007eabb1ec8}> (0x00000007eabb1ec8) 
thrown [./open/src/hotspot/share/prims/jni.cpp, line 599]
Event: 5.453 Thread 0x00007f8e280a9000 Exception <a 'java/io/FileNotFoundException'{0x00000007eabb30a0}> (0x00000007eabb30a0) 
thrown [./open/src/hotspot/share/prims/jni.cpp, line 599]
Event: 5.453 Thread 0x00007f8e280a9000 Exception <a 'java/io/FileNotFoundException'{0x00000007eabb4288}> (0x00000007eabb4288) 
thrown [./open/src/hotspot/share/prims/jni.cpp, line 599]
Event: 5.678 Thread 0x00007f8e280a9000 Exception <a 'java/lang/NoSuchMethodError'{0x00000007eaf98be8}: 'int java.lang.invoke.DirectMethodHandle$Holder.invokeStaticInit(java.lang.Object, java.lang.Object, java.lang.Object)'> (0x00000007eaf98be8) 
thrown [./open/src/hotspot/share/interpreter/linkResolver.cpp, line 766]
Event: 5.768 Thread 0x00007f8e280a9000 Exception <a 'java/io/FileNotFoundException'{0x00000007eb2ef4e0}> (0x00000007eb2ef4e0) 
thrown [./open/src/hotspot/share/prims/jni.cpp, line 599]
Event: 5.805 Thread 0x00007f8e280a9000 Exception <a 'java/io/FileNotFoundException'{0x00000007ebbfdb10}> (0x00000007ebbfdb10) 
thrown [./open/src/hotspot/share/prims/jni.cpp, line 599]
Event: 5.900 Thread 0x00007f8e280a9000 Exception <a 'java/io/FileNotFoundException'{0x00000007eab6e408}> (0x00000007eab6e408) 
thrown [./open/src/hotspot/share/prims/jni.cpp, line 599]
Event: 6.007 Thread 0x00007f8e280a9000 Exception <a 'java/lang/ClassNotFoundException'{0x00000007eac7b2d8}: com/sun/org/apache/xml/internal/serializer/spi/XMLEntitiesProvider> (0x00000007eac7b2d8) 
thrown [./open/src/hotspot/share/classfile/systemDictionary.cpp, line 226]
Event: 6.242 Thread 0x00007f8e280a9000 Exception <a 'java/io/FileNotFoundException'{0x00000007eae7e1a0}> (0x00000007eae7e1a0) 
thrown [./open/src/hotspot/share/prims/jni.cpp, line 599]
Event: 6.835 Thread 0x00007f8e280a9000 Exception <a 'java/lang/NoClassDefFoundError'{0x00000007eb1b3a80}: org/slf4j/impl/StaticLoggerBinder> (0x00000007eb1b3a80) 
thrown [./open/src/hotspot/share/classfile/systemDictionary.cpp, line 215]
Event: 7.173 Thread 0x00007f8e26809800 Exception <a 'java/io/FileNotFoundException'{0x00000007eb6d3200}> (0x00000007eb6d3200) 
thrown [./open/src/hotspot/share/prims/jni.cpp, line 599]
Event: 7.217 Thread 0x00007f8e26809800 Exception <a 'java/lang/NoSuchMethodError'{0x00000007eb8557e8}: 'void java.lang.invoke.DirectMethodHandle$Holder.invokeStatic(java.lang.Object, java.lang.Object, java.lang.Object, java.lang.Object)'> (0x00000007eb8557e8) 
thrown [./open/src/hotspot/share/interpreter/linkResolver.cpp, line 766]
Event: 7.445 Thread 0x00007f8e26809800 Exception <a 'java/lang/NoSuchMethodError'{0x00000007ebd43f70}: 'void java.lang.invoke.DirectMethodHandle$Holder.invokeStaticInit(java.lang.Object, java.lang.Object, java.lang.Object)'> (0x00000007ebd43f70) 
thrown [./open/src/hotspot/share/interpreter/linkResolver.cpp, line 766]
Event: 7.537 Thread 0x00007f8e2624b800 Exception <a 'java/io/FileNotFoundException'{0x00000007ebed6ff8}> (0x00000007ebed6ff8) 
thrown [./open/src/hotspot/share/prims/jni.cpp, line 599]
Event: 7.547 Thread 0x00007f8e2624b800 Exception <a 'java/io/FileNotFoundException'{0x00000007ebf037b0}> (0x00000007ebf037b0) 
thrown [./open/src/hotspot/share/prims/jni.cpp, line 599]
Event: 7.559 Thread 0x00007f8e2624b800 Exception <a 'java/io/FileNotFoundException'{0x00000007ebf304c8}> (0x00000007ebf304c8) 
thrown [./open/src/hotspot/share/prims/jni.cpp, line 599]
Event: 7.604 Thread 0x00007f8e2624b800 Implicit null exception at 0x000000011b30a797 to 0x000000011b30b8ac
Event: 7.640 Thread 0x00007f8e2624b800 Exception <a 'java/io/FileNotFoundException'{0x00000007ec08a860}> (0x00000007ec08a860) 
thrown [./open/src/hotspot/share/prims/jni.cpp, line 599]

Events (20 events):
Event: 7.704 loading class com/sun/crypto/provider/DESCrypt done
Event: 7.704 loading class com/sun/crypto/provider/ElectronicCodeBook
Event: 7.705 loading class com/sun/crypto/provider/FeedbackCipher
Event: 7.705 loading class com/sun/crypto/provider/FeedbackCipher done
Event: 7.705 loading class com/sun/crypto/provider/ElectronicCodeBook done
Event: 7.705 loading class com/sun/crypto/provider/PKCS5Padding
Event: 7.706 loading class com/sun/crypto/provider/Padding
Event: 7.706 loading class com/sun/crypto/provider/Padding done
Event: 7.706 loading class com/sun/crypto/provider/PKCS5Padding done
Event: 7.706 loading class com/sun/crypto/provider/CipherBlockChaining
Event: 7.706 loading class com/sun/crypto/provider/CipherBlockChaining done
Event: 7.706 loading class sun/security/ssl/SSLCipher$T11BlockReadCipherGenerator
Event: 7.706 loading class sun/security/ssl/SSLCipher$T11BlockReadCipherGenerator done
Event: 7.706 loading class sun/security/ssl/SSLCipher$T11BlockWriteCipherGenerator
Event: 7.707 loading class sun/security/ssl/SSLCipher$T11BlockWriteCipherGenerator done
Event: 7.707 loading class javax/crypto/JceSecurityManager
Event: 7.707 loading class javax/crypto/JceSecurityManager done
Event: 7.707 loading class javax/crypto/JceSecurityManager$1
Event: 7.707 loading class javax/crypto/JceSecurityManager$1 done
Event: 7.708 loading class com/sun/crypto/provider/DESedeCipher


Dynamic libraries:
0x00007fff6cfb9000 	/usr/lib/libz.1.dylib
0x0000000101f42000 	/Library/Java/JavaVirtualMachines/jdk-14.0.2.jdk/Contents/Home/lib/libjli.dylib
0x00007fff32b03000 	/System/Library/Frameworks/Cocoa.framework/Versions/A/Cocoa
0x00007fff402fc000 	/System/Library/Frameworks/Security.framework/Versions/A/Security
0x00007fff31a68000 	/System/Library/Frameworks/ApplicationServices.framework/Versions/A/ApplicationServices
0x00007fff6aa7d000 	/usr/lib/libSystem.B.dylib
0x00007fff6d87a000 	/usr/lib/system/libcache.dylib
0x00007fff6d880000 	/usr/lib/system/libcommonCrypto.dylib
0x00007fff6d88c000 	/usr/lib/system/libcompiler_rt.dylib
0x00007fff6d894000 	/usr/lib/system/libcopyfile.dylib
0x00007fff6d89e000 	/usr/lib/system/libcorecrypto.dylib
0x00007fff6da3d000 	/usr/lib/system/libdispatch.dylib
0x00007fff6da7e000 	/usr/lib/system/libdyld.dylib
0x00007fff6dab5000 	/usr/lib/system/libkeymgr.dylib
0x00007fff6dac3000 	/usr/lib/system/liblaunch.dylib
0x00007fff6dac4000 	/usr/lib/system/libmacho.dylib
0x00007fff6daca000 	/usr/lib/system/libquarantine.dylib
0x00007fff6dacd000 	/usr/lib/system/libremovefile.dylib
0x00007fff6dacf000 	/usr/lib/system/libsystem_asl.dylib
0x00007fff6dae7000 	/usr/lib/system/libsystem_blocks.dylib
0x00007fff6dae8000 	/usr/lib/system/libsystem_c.dylib
0x00007fff6db70000 	/usr/lib/system/libsystem_configuration.dylib
0x00007fff6db74000 	/usr/lib/system/libsystem_coreservices.dylib
0x00007fff6db78000 	/usr/lib/system/libsystem_darwin.dylib
0x00007fff6db81000 	/usr/lib/system/libsystem_dnssd.dylib
0x00007fff6db89000 	/usr/lib/system/libsystem_featureflags.dylib
0x00007fff6db8b000 	/usr/lib/system/libsystem_info.dylib
0x00007fff6dc06000 	/usr/lib/system/libsystem_m.dylib
0x00007fff6dc4e000 	/usr/lib/system/libsystem_malloc.dylib
0x00007fff6dc76000 	/usr/lib/system/libsystem_networkextension.dylib
0x00007fff6dc84000 	/usr/lib/system/libsystem_notify.dylib
0x00007fff6dca2000 	/usr/lib/system/libsystem_sandbox.dylib
0x00007fff6dca7000 	/usr/lib/system/libsystem_secinit.dylib
0x00007fff6dbd9000 	/usr/lib/system/libsystem_kernel.dylib
0x00007fff6dc8e000 	/usr/lib/system/libsystem_platform.dylib
0x00007fff6dc97000 	/usr/lib/system/libsystem_pthread.dylib
0x00007fff6dcaa000 	/usr/lib/system/libsystem_symptoms.dylib
0x00007fff6dcb2000 	/usr/lib/system/libsystem_trace.dylib
0x00007fff6dcca000 	/usr/lib/system/libunwind.dylib
0x00007fff6dcd0000 	/usr/lib/system/libxpc.dylib
0x00007fff6c8dd000 	/usr/lib/libobjc.A.dylib
0x00007fff6adb6000 	/usr/lib/libc++abi.dylib
0x00007fff6ad63000 	/usr/lib/libc++.1.dylib
0x00007fff339a5000 	/System/Library/Frameworks/CoreFoundation.framework/Versions/A/CoreFoundation
0x00007fff36062000 	/System/Library/Frameworks/Foundation.framework/Versions/C/Foundation
0x00007fff30c58000 	/System/Library/Frameworks/AppKit.framework/Versions/C/AppKit
0x00007fff33487000 	/System/Library/Frameworks/CoreData.framework/Versions/A/CoreData
0x00007fff64a92000 	/System/Library/PrivateFrameworks/UIFoundation.framework/Versions/A/UIFoundation
0x00007fff5fb26000 	/System/Library/PrivateFrameworks/RemoteViewServices.framework/Versions/A/RemoteViewServices
0x00007fff675ed000 	/System/Library/PrivateFrameworks/XCTTargetBootstrap.framework/Versions/A/XCTTargetBootstrap
0x00007fff33872000 	/System/Library/Frameworks/CoreDisplay.framework/Versions/A/CoreDisplay
0x00007fff38f1d000 	/System/Library/Frameworks/Metal.framework/Versions/A/Metal
0x00007fff4db13000 	/System/Library/PrivateFrameworks/DesktopServicesPriv.framework/Versions/A/DesktopServicesPriv
0x00007fff6bbb8000 	/usr/lib/liblangid.dylib
0x00007fff4cda8000 	/System/Library/PrivateFrameworks/CoreSVG.framework/Versions/A/CoreSVG
0x00007fff62c82000 	/System/Library/PrivateFrameworks/SkyLight.framework/Versions/A/SkyLight
0x00007fff33e26000 	/System/Library/Frameworks/CoreGraphics.framework/Versions/A/CoreGraphics
0x00007fff2f62c000 	/System/Library/Frameworks/Accelerate.framework/Versions/A/Accelerate
0x00007fff6ceaa000 	/usr/lib/libxml2.2.dylib
0x00007fff58ab1000 	/System/Library/PrivateFrameworks/IconServices.framework/Versions/A/IconServices
0x00007fff36841000 	/System/Library/Frameworks/IOSurface.framework/Versions/A/IOSurface
0x00007fff6a5a7000 	/usr/lib/libDiagnosticMessagesClient.dylib
0x00007fff4d96d000 	/System/Library/PrivateFrameworks/DFRFoundation.framework/Versions/A/DFRFoundation
0x00007fff6b947000 	/usr/lib/libicucore.A.dylib
0x00007fff31d9a000 	/System/Library/Frameworks/AudioToolbox.framework/Versions/A/AudioToolbox
0x00007fff31e7d000 	/System/Library/Frameworks/AudioUnit.framework/Versions/A/AudioUnit
0x00007fff6ac7f000 	/usr/lib/libauto.dylib
0x00007fff4da0f000 	/System/Library/PrivateFrameworks/DataDetectorsCore.framework/Versions/A/DataDetectorsCore
0x00007fff32624000 	/System/Library/Frameworks/Carbon.framework/Versions/A/Frameworks/HIToolbox.framework/Versions/A/HIToolbox
0x00007fff3f4f6000 	/System/Library/Frameworks/QuartzCore.framework/Versions/A/QuartzCore
0x00007fff32963000 	/System/Library/Frameworks/Carbon.framework/Versions/A/Frameworks/SpeechRecognition.framework/Versions/A/SpeechRecognition
0x00007fff4d481000 	/System/Library/PrivateFrameworks/CoreUI.framework/Versions/A/CoreUI
0x00007fff32ef2000 	/System/Library/Frameworks/CoreAudio.framework/Versions/A/CoreAudio
0x00007fff35d21000 	/System/Library/Frameworks/DiskArbitration.framework/Versions/A/DiskArbitration
0x00007fff5ab01000 	/System/Library/PrivateFrameworks/MultitouchSupport.framework/Versions/A/MultitouchSupport
0x00007fff6b80e000 	/usr/lib/libenergytrace.dylib
0x00007fff3679b000 	/System/Library/Frameworks/IOKit.framework/Versions/A/IOKit
0x00007fff34d8d000 	/System/Library/Frameworks/CoreServices.framework/Versions/A/CoreServices
0x00007fff5ccb9000 	/System/Library/PrivateFrameworks/PerformanceAnalysis.framework/Versions/A/PerformanceAnalysis
0x00007fff3e529000 	/System/Library/Frameworks/OpenGL.framework/Versions/A/OpenGL
0x00007fff32b11000 	/System/Library/Frameworks/ColorSync.framework/Versions/A/ColorSync
0x00007fff344a9000 	/System/Library/Frameworks/CoreImage.framework/Versions/A/CoreImage
0x00007fff35800000 	/System/Library/Frameworks/CoreText.framework/Versions/A/CoreText
0x00007fff368d1000 	/System/Library/Frameworks/ImageIO.framework/Versions/A/ImageIO
0x00007fff6addf000 	/usr/lib/libcompression.dylib
0x00007fff6a8eb000 	/usr/lib/libMobileGestalt.dylib
0x00007fff647fc000 	/System/Library/PrivateFrameworks/TextureIO.framework/Versions/A/TextureIO
0x00007fff6abe2000 	/usr/lib/libate.dylib
0x00007fff58cba000 	/System/Library/PrivateFrameworks/InternationalSupport.framework/Versions/A/InternationalSupport
0x00007fff6bbba000 	/usr/lib/liblzma.5.dylib
0x00007fff6b835000 	/usr/lib/libfakelink.dylib
0x00007fff6ab6f000 	/usr/lib/libarchive.2.dylib
0x00007fff413ad000 	/System/Library/Frameworks/SystemConfiguration.framework/Versions/A/SystemConfiguration
0x00007fff6a4da000 	/usr/lib/libCRFSuite.dylib
0x00007fff32214000 	/System/Library/Frameworks/CFNetwork.framework/Versions/A/CFNetwork
0x00007fff6ad45000 	/usr/lib/libbsm.0.dylib
0x00007fff6dab6000 	/usr/lib/system/libkxld.dylib
0x00007fff472ea000 	/System/Library/PrivateFrameworks/AppleFSCompression.framework/Versions/A/AppleFSCompression
0x00007fff6b0d0000 	/usr/lib/libcoretls.dylib
0x00007fff6b0e7000 	/usr/lib/libcoretls_cfhelpers.dylib
0x00007fff6c923000 	/usr/lib/libpam.2.dylib
0x00007fff6ca58000 	/usr/lib/libsqlite3.dylib
0x00007fff6ce97000 	/usr/lib/libxar.1.dylib
0x00007fff6ad56000 	/usr/lib/libbz2.1.0.dylib
0x00007fff6b856000 	/usr/lib/libiconv.2.dylib
0x00007fff6adcc000 	/usr/lib/libcharset.1.dylib
0x00007fff6c3c0000 	/usr/lib/libnetwork.dylib
0x00007fff6c92a000 	/usr/lib/libpcap.A.dylib
0x00007fff6ab24000 	/usr/lib/libapple_nghttp2.dylib
0x00007fff35144000 	/System/Library/Frameworks/CoreServices.framework/Versions/A/Frameworks/FSEvents.framework/Versions/A/FSEvents
0x00007fff34e14000 	/System/Library/Frameworks/CoreServices.framework/Versions/A/Frameworks/CarbonCore.framework/Versions/A/CarbonCore
0x00007fff35388000 	/System/Library/Frameworks/CoreServices.framework/Versions/A/Frameworks/Metadata.framework/Versions/A/Metadata
0x00007fff35421000 	/System/Library/Frameworks/CoreServices.framework/Versions/A/Frameworks/OSServices.framework/Versions/A/OSServices
0x00007fff3544f000 	/System/Library/Frameworks/CoreServices.framework/Versions/A/Frameworks/SearchKit.framework/Versions/A/SearchKit
0x00007fff34d8e000 	/System/Library/Frameworks/CoreServices.framework/Versions/A/Frameworks/AE.framework/Versions/A/AE
0x00007fff3514d000 	/System/Library/Frameworks/CoreServices.framework/Versions/A/Frameworks/LaunchServices.framework/Versions/A/LaunchServices
0x00007fff350f6000 	/System/Library/Frameworks/CoreServices.framework/Versions/A/Frameworks/DictionaryServices.framework/Versions/A/DictionaryServices
0x00007fff354b7000 	/System/Library/Frameworks/CoreServices.framework/Versions/A/Frameworks/SharedFileList.framework/Versions/A/SharedFileList
0x00007fff3a348000 	/System/Library/Frameworks/NetFS.framework/Versions/A/NetFS
0x00007fff5b031000 	/System/Library/PrivateFrameworks/NetAuth.framework/Versions/A/NetAuth
0x00007fff679ba000 	/System/Library/PrivateFrameworks/login.framework/Versions/A/Frameworks/loginsupport.framework/Versions/A/loginsupport
0x00007fff642c7000 	/System/Library/PrivateFrameworks/TCC.framework/Versions/A/TCC
0x00007fff4bf1b000 	/System/Library/PrivateFrameworks/CoreNLP.framework/Versions/A/CoreNLP
0x00007fff5a52e000 	/System/Library/PrivateFrameworks/MetadataUtilities.framework/Versions/A/MetadataUtilities
0x00007fff6bc92000 	/usr/lib/libmecabra.dylib
0x00007fff6bbea000 	/usr/lib/libmecab.dylib
0x00007fff6b846000 	/usr/lib/libgermantok.dylib
0x00007fff6ab0b000 	/usr/lib/libThaiTokenizer.dylib
0x00007fff6a511000 	/usr/lib/libChineseTokenizer.dylib
0x00007fff2f644000 	/System/Library/Frameworks/Accelerate.framework/Versions/A/Frameworks/vImage.framework/Versions/A/vImage
0x00007fff30aae000 	/System/Library/Frameworks/Accelerate.framework/Versions/A/Frameworks/vecLib.framework/Versions/A/vecLib
0x00007fff309eb000 	/System/Library/Frameworks/Accelerate.framework/Versions/A/Frameworks/vecLib.framework/Versions/A/libvMisc.dylib
0x00007fff30813000 	/System/Library/Frameworks/Accelerate.framework/Versions/A/Frameworks/vecLib.framework/Versions/A/libvDSP.dylib
0x00007fff2fc9b000 	/System/Library/Frameworks/Accelerate.framework/Versions/A/Frameworks/vecLib.framework/Versions/A/libBLAS.dylib
0x00007fff303d7000 	/System/Library/Frameworks/Accelerate.framework/Versions/A/Frameworks/vecLib.framework/Versions/A/libLAPACK.dylib
0x00007fff30773000 	/System/Library/Frameworks/Accelerate.framework/Versions/A/Frameworks/vecLib.framework/Versions/A/libLinearAlgebra.dylib
0x00007fff30800000 	/System/Library/Frameworks/Accelerate.framework/Versions/A/Frameworks/vecLib.framework/Versions/A/libSparseBLAS.dylib
0x00007fff30789000 	/System/Library/Frameworks/Accelerate.framework/Versions/A/Frameworks/vecLib.framework/Versions/A/libQuadrature.dylib
0x00007fff2ff03000 	/System/Library/Frameworks/Accelerate.framework/Versions/A/Frameworks/vecLib.framework/Versions/A/libBNNS.dylib
0x00007fff3078f000 	/System/Library/Frameworks/Accelerate.framework/Versions/A/Frameworks/vecLib.framework/Versions/A/libSparse.dylib
0x00007fff590a2000 	/System/Library/PrivateFrameworks/LanguageModeling.framework/Versions/A/LanguageModeling
0x00007fff4b8cb000 	/System/Library/PrivateFrameworks/CoreEmoji.framework/Versions/A/CoreEmoji
0x00007fff591c0000 	/System/Library/PrivateFrameworks/LinguisticData.framework/Versions/A/LinguisticData
0x00007fff59171000 	/System/Library/PrivateFrameworks/Lexicon.framework/Versions/A/Lexicon
0x00007fff6adcd000 	/usr/lib/libcmph.dylib
0x00007fff3cf37000 	/System/Library/Frameworks/OpenDirectory.framework/Versions/A/Frameworks/CFOpenDirectory.framework/Versions/A/CFOpenDirectory
0x00007fff3cf54000 	/System/Library/Frameworks/OpenDirectory.framework/Versions/A/OpenDirectory
0x00007fff45397000 	/System/Library/PrivateFrameworks/APFS.framework/Versions/A/APFS
0x00007fff40646000 	/System/Library/Frameworks/SecurityFoundation.framework/Versions/A/SecurityFoundation
0x00007fff6ce93000 	/usr/lib/libutil.dylib
0x00007fff4ce00000 	/System/Library/PrivateFrameworks/CoreServicesStore.framework/Versions/A/CoreServicesStore
0x00007fff406fd000 	/System/Library/Frameworks/ServiceManagement.framework/Versions/A/ServiceManagement
0x00007fff48aba000 	/System/Library/PrivateFrameworks/BackgroundTaskManagement.framework/Versions/A/BackgroundTaskManagement
0x00007fff6cf90000 	/usr/lib/libxslt.1.dylib
0x00007fff4795d000 	/System/Library/PrivateFrameworks/AppleSystemInfo.framework/Versions/A/AppleSystemInfo
0x00007fff36aec000 	/System/Library/Frameworks/ImageIO.framework/Versions/A/Resources/libJPEG.dylib
0x00007fff36dab000 	/System/Library/Frameworks/ImageIO.framework/Versions/A/Resources/libTIFF.dylib
0x00007fff36d8e000 	/System/Library/Frameworks/ImageIO.framework/Versions/A/Resources/libPng.dylib
0x00007fff36a2e000 	/System/Library/Frameworks/ImageIO.framework/Versions/A/Resources/libGIF.dylib
0x00007fff36a32000 	/System/Library/Frameworks/ImageIO.framework/Versions/A/Resources/libJP2.dylib
0x00007fff36da9000 	/System/Library/Frameworks/ImageIO.framework/Versions/A/Resources/libRadiance.dylib
0x00007fff6b80f000 	/usr/lib/libexpat.1.dylib
0x00007fff47445000 	/System/Library/PrivateFrameworks/AppleJPEG.framework/Versions/A/AppleJPEG
0x00007fff50116000 	/System/Library/PrivateFrameworks/FontServices.framework/libFontParser.dylib
0x00007fff669bc000 	/System/Library/PrivateFrameworks/WatchdogClient.framework/Versions/A/WatchdogClient
0x00007fff586fd000 	/System/Library/PrivateFrameworks/IOAccelerator.framework/Versions/A/IOAccelerator
0x00007fff392b8000 	/System/Library/Frameworks/MetalPerformanceShaders.framework/Versions/A/MetalPerformanceShaders
0x00007fff54e93000 	/System/Library/PrivateFrameworks/GPUWrangler.framework/Versions/A/GPUWrangler
0x00007fff58712000 	/System/Library/PrivateFrameworks/IOPresentment.framework/Versions/A/IOPresentment
0x00007fff4d980000 	/System/Library/PrivateFrameworks/DSExternalDisplay.framework/Versions/A/DSExternalDisplay
0x00007fff3d8c8000 	/System/Library/Frameworks/OpenGL.framework/Versions/A/Libraries/libCoreFSCache.dylib
0x00007fff39004000 	/System/Library/Frameworks/MetalPerformanceShaders.framework/Frameworks/MPSCore.framework/Versions/A/MPSCore
0x00007fff39042000 	/System/Library/Frameworks/MetalPerformanceShaders.framework/Frameworks/MPSImage.framework/Versions/A/MPSImage
0x00007fff39109000 	/System/Library/Frameworks/MetalPerformanceShaders.framework/Frameworks/MPSNeuralNetwork.framework/Versions/A/MPSNeuralNetwork
0x00007fff390cd000 	/System/Library/Frameworks/MetalPerformanceShaders.framework/Frameworks/MPSMatrix.framework/Versions/A/MPSMatrix
0x00007fff39268000 	/System/Library/Frameworks/MetalPerformanceShaders.framework/Frameworks/MPSRayIntersector.framework/Versions/A/MPSRayIntersector
0x00007fff390f3000 	/System/Library/Frameworks/MetalPerformanceShaders.framework/Frameworks/MPSNDArray.framework/Versions/A/MPSNDArray
0x00007fff5a57b000 	/System/Library/PrivateFrameworks/MetalTools.framework/Versions/A/MetalTools
0x00007fff46571000 	/System/Library/PrivateFrameworks/AggregateDictionary.framework/Versions/A/AggregateDictionary
0x00007fff4b313000 	/System/Library/PrivateFrameworks/CoreAnalytics.framework/Versions/A/CoreAnalytics
0x00007fff4787c000 	/System/Library/PrivateFrameworks/AppleSauce.framework/Versions/A/AppleSauce
0x00007fff6a7cd000 	/usr/lib/libIOReport.dylib
0x00007fff359b8000 	/System/Library/Frameworks/CoreVideo.framework/Versions/A/CoreVideo
0x00007fff5630c000 	/System/Library/PrivateFrameworks/GraphVisualizer.framework/Versions/A/GraphVisualizer
0x00007fff4f65c000 	/System/Library/PrivateFrameworks/FaceCore.framework/Versions/A/FaceCore
0x00007fff3cede000 	/System/Library/Frameworks/OpenCL.framework/Versions/A/OpenCL
0x00007fff6a5ef000 	/usr/lib/libFosl_dynamic.dylib
0x00007fff5ba51000 	/System/Library/PrivateFrameworks/OTSVG.framework/Versions/A/OTSVG
0x00007fff31b6d000 	/System/Library/Frameworks/ApplicationServices.framework/Versions/A/Frameworks/ATS.framework/Versions/A/Resources/libFontRegistry.dylib
0x00007fff502e7000 	/System/Library/PrivateFrameworks/FontServices.framework/libhvf.dylib
0x00007fff3d8d3000 	/System/Library/Frameworks/OpenGL.framework/Versions/A/Libraries/libGFXShared.dylib
0x00007fff3dab1000 	/System/Library/Frameworks/OpenGL.framework/Versions/A/Libraries/libGLU.dylib
0x00007fff3d8dc000 	/System/Library/Frameworks/OpenGL.framework/Versions/A/Libraries/libGL.dylib
0x00007fff3d8e7000 	/System/Library/Frameworks/OpenGL.framework/Versions/A/Libraries/libGLImage.dylib
0x00007fff3d8c5000 	/System/Library/Frameworks/OpenGL.framework/Versions/A/Libraries/libCVMSPluginSupport.dylib
0x00007fff3d8ce000 	/System/Library/Frameworks/OpenGL.framework/Versions/A/Libraries/libCoreVMClient.dylib
0x00007fff6c261000 	/usr/lib/libncurses.5.4.dylib
0x00007fff31a69000 	/System/Library/Frameworks/ApplicationServices.framework/Versions/A/Frameworks/ATS.framework/Versions/A/ATS
0x00007fff31c36000 	/System/Library/Frameworks/ApplicationServices.framework/Versions/A/Frameworks/ColorSyncLegacy.framework/Versions/A/ColorSyncLegacy
0x00007fff31cd4000 	/System/Library/Frameworks/ApplicationServices.framework/Versions/A/Frameworks/HIServices.framework/Versions/A/HIServices
0x00007fff31d2c000 	/System/Library/Frameworks/ApplicationServices.framework/Versions/A/Frameworks/LangAnalysis.framework/Versions/A/LangAnalysis
0x00007fff31d3b000 	/System/Library/Frameworks/ApplicationServices.framework/Versions/A/Frameworks/PrintCore.framework/Versions/A/PrintCore
0x00007fff31d81000 	/System/Library/Frameworks/ApplicationServices.framework/Versions/A/Frameworks/QD.framework/Versions/A/QD
0x00007fff31d8c000 	/System/Library/Frameworks/ApplicationServices.framework/Versions/A/Frameworks/SpeechSynthesis.framework/Versions/A/SpeechSynthesis
0x00007fff31c06000 	/System/Library/Frameworks/ApplicationServices.framework/Versions/A/Frameworks/ATSUI.framework/Versions/A/ATSUI
0x00007fff6b6a5000 	/usr/lib/libcups.2.dylib
0x00007fff38353000 	/System/Library/Frameworks/Kerberos.framework/Versions/A/Kerberos
0x00007fff36494000 	/System/Library/Frameworks/GSS.framework/Versions/A/GSS
0x00007fff6c9e4000 	/usr/lib/libresolv.9.dylib
0x00007fff564b9000 	/System/Library/PrivateFrameworks/Heimdal.framework/Versions/A/Heimdal
0x00007fff38366000 	/System/Library/Frameworks/Kerberos.framework/Versions/A/Libraries/libHeimdalProxy.dylib
0x00007fff6b84c000 	/usr/lib/libheimdal-asn1.dylib
0x00007fff4a7ab000 	/System/Library/PrivateFrameworks/CommonAuth.framework/Versions/A/CommonAuth
0x00007fff479fa000 	/System/Library/PrivateFrameworks/AssertionServices.framework/Versions/A/AssertionServices
0x00007fff4859d000 	/System/Library/PrivateFrameworks/AudioToolboxCore.framework/Versions/A/AudioToolboxCore
0x00007fff6766a000 	/System/Library/PrivateFrameworks/caulk.framework/Versions/A/caulk
0x00007fff48b66000 	/System/Library/PrivateFrameworks/BaseBoard.framework/Versions/A/BaseBoard
0x00007fff5fcb4000 	/System/Library/PrivateFrameworks/RunningBoardServices.framework/Versions/A/RunningBoardServices
0x00007fff5ccc5000 	/System/Library/PrivateFrameworks/PersistentConnection.framework/Versions/A/PersistentConnection
0x00007fff5f6ad000 	/System/Library/PrivateFrameworks/ProtocolBuffer.framework/Versions/A/ProtocolBuffer
0x00007fff4a7cf000 	/System/Library/PrivateFrameworks/CommonUtilities.framework/Versions/A/CommonUtilities
0x00007fff48cf4000 	/System/Library/PrivateFrameworks/Bom.framework/Versions/A/Bom
0x00007fff6a4a0000 	/usr/lib/libAudioToolboxUtility.dylib
0x00007fff48ac4000 	/System/Library/PrivateFrameworks/Backup.framework/Versions/A/Backup
0x00007fff4d8a1000 	/System/Library/PrivateFrameworks/CrashReporterSupport.framework/Versions/A/CrashReporterSupport
0x00007fff61746000 	/System/Library/PrivateFrameworks/Sharing.framework/Versions/A/Sharing
0x00007fff47008000 	/System/Library/PrivateFrameworks/Apple80211.framework/Versions/A/Apple80211
0x00007fff487e1000 	/System/Library/PrivateFrameworks/AuthKit.framework/Versions/A/AuthKit
0x00007fff4d5ae000 	/System/Library/PrivateFrameworks/CoreUtils.framework/Versions/A/CoreUtils
0x00007fff359fd000 	/System/Library/Frameworks/CoreWLAN.framework/Versions/A/CoreWLAN
0x00007fff36621000 	/System/Library/Frameworks/IOBluetooth.framework/Versions/A/IOBluetooth
0x00007fff5a880000 	/System/Library/PrivateFrameworks/MobileKeyBag.framework/Versions/A/MobileKeyBag
0x00007fff4c3b3000 	/System/Library/PrivateFrameworks/CorePhoneNumbers.framework/Versions/A/CorePhoneNumbers
0x00007fff473f8000 	/System/Library/PrivateFrameworks/AppleIDAuthSupport.framework/Versions/A/AppleIDAuthSupport
0x00007fff3a355000 	/System/Library/Frameworks/Network.framework/Versions/A/Network
0x00007fff58f4e000 	/System/Library/PrivateFrameworks/KeychainCircle.framework/Versions/A/KeychainCircle
0x00007fff3344e000 	/System/Library/Frameworks/CoreBluetooth.framework/Versions/A/CoreBluetooth
0x00007fff637c5000 	/System/Library/PrivateFrameworks/SpeechRecognitionCore.framework/Versions/A/SpeechRecognitionCore
0x0000000103000000 	/Library/Java/JavaVirtualMachines/jdk-14.0.2.jdk/Contents/Home/lib/server/libjvm.dylib
0x0000000101f6c000 	/Library/Java/JavaVirtualMachines/jdk-14.0.2.jdk/Contents/Home/lib/libjimage.dylib
0x0000000101fc1000 	/Library/Java/JavaVirtualMachines/jdk-14.0.2.jdk/Contents/Home/lib/libjava.dylib
0x0000000101fe9000 	/Library/Java/JavaVirtualMachines/jdk-14.0.2.jdk/Contents/Home/lib/libzip.dylib
0x000000010882a000 	/Library/Java/JavaVirtualMachines/jdk-14.0.2.jdk/Contents/Home/lib/libnio.dylib
0x000000010883d000 	/Library/Java/JavaVirtualMachines/jdk-14.0.2.jdk/Contents/Home/lib/libnet.dylib
0x0000000108855000 	/Users/avishekbhusal/Library/Application Support/Code/User/globalStorage/redhat.java/0.70.0/config_mac/org.eclipse.equinox.launcher/org.eclipse.equinox.launcher.cocoa.macosx.x86_64_1.2.0.v20200915-1442/eclipse_11103.so
0x00007fff4cdcc000 	/System/Library/PrivateFrameworks/CoreServicesInternal.framework/Versions/A/CoreServicesInternal
0x00007fff35f1c000 	/System/Library/Frameworks/FileProvider.framework/Versions/A/FileProvider
0x00007fff30aaf000 	/System/Library/Frameworks/Accounts.framework/Versions/A/Accounts
0x00007fff551b8000 	/System/Library/PrivateFrameworks/GenerationalStorage.framework/Versions/A/GenerationalStorage
0x00007fff4d353000 	/System/Library/PrivateFrameworks/CoreSymbolication.framework/Versions/A/CoreSymbolication
0x00007fff64007000 	/System/Library/PrivateFrameworks/SymptomDiagnosticReporter.framework/Versions/A/SymptomDiagnosticReporter
0x00007fff46b0c000 	/System/Library/PrivateFrameworks/AppContainer.framework/Versions/A/AppContainer
0x00007fff6c9fe000 	/usr/lib/libsandbox.1.dylib
0x00007fff65960000 	/System/Library/PrivateFrameworks/UserManagement.framework/Versions/A/UserManagement
0x00007fff498b0000 	/System/Library/PrivateFrameworks/ChunkingLibrary.framework/Versions/A/ChunkingLibrary
0x00007fff4dad5000 	/System/Library/PrivateFrameworks/DebugSymbols.framework/Versions/A/DebugSymbols
0x00007fff46b7e000 	/System/Library/PrivateFrameworks/AppSandbox.framework/Versions/A/AppSandbox
0x00007fff615d0000 	/System/Library/PrivateFrameworks/SecCodeWrapper.framework/Versions/A/SecCodeWrapper
0x00007fff6a8b5000 	/usr/lib/libMatch.1.dylib
0x00007fff6672c000 	/System/Library/PrivateFrameworks/ViewBridge.framework/Versions/A/ViewBridge
0x000000010a7fe000 	/Library/Java/JavaVirtualMachines/jdk-14.0.2.jdk/Contents/Home/lib/libverify.dylib
0x000000010ac0d000 	/Library/Java/JavaVirtualMachines/jdk-14.0.2.jdk/Contents/Home/lib/libsunec.dylib


VM Arguments:
jvm_args: --add-modules=ALL-SYSTEM --add-opens=java.base/java.util=ALL-UNNAMED --add-opens=java.base/java.lang=ALL-UNNAMED -Declipse.application=org.eclipse.jdt.ls.core.id1 -Dosgi.bundles.defaultStartLevel=4 -Declipse.product=org.eclipse.jdt.ls.core.product -Dfile.encoding=utf8 -XX:+UseParallelGC -XX:GCTimeRatio=4 -XX:AdaptiveSizePolicyWeight=90 -Dsun.zip.disableMemoryMapping=true -Xmx1G -Xms100m 
java_command: /Users/avishekbhusal/.vscode/extensions/redhat.java-0.70.0/server/plugins/org.eclipse.equinox.launcher_1.6.0.v20200915-1508.jar -configuration /Users/avishekbhusal/Library/Application Support/Code/User/globalStorage/redhat.java/0.70.0/config_mac -data /Users/avishekbhusal/Library/Application Support/Code/User/workspaceStorage/6fe732eadeebe1d5a83c3864aa8d1994/redhat.java/jdt_ws
java_class_path (initial): /Users/avishekbhusal/.vscode/extensions/redhat.java-0.70.0/server/plugins/org.eclipse.equinox.launcher_1.6.0.v20200915-1508.jar
Launcher Type: SUN_STANDARD

[Global flags]
    uintx AdaptiveSizePolicyWeight                 = 90                                        {product} {command line}
     intx CICompilerCount                          = 4                                         {product} {ergonomic}
    uintx GCTimeRatio                              = 4                                         {product} {command line}
   size_t InitialHeapSize                          = 104857600                                 {product} {command line}
   size_t MaxHeapSize                              = 1073741824                                {product} {command line}
   size_t MaxNewSize                               = 357564416                                 {product} {ergonomic}
   size_t MinHeapDeltaBytes                        = 524288                                    {product} {ergonomic}
   size_t MinHeapSize                              = 104857600                                 {product} {command line}
   size_t NewSize                                  = 34603008                                  {product} {ergonomic}
    uintx NonNMethodCodeHeapSize                   = 5839372                                {pd product} {ergonomic}
    uintx NonProfiledCodeHeapSize                  = 122909434                              {pd product} {ergonomic}
   size_t OldSize                                  = 70254592                                  {product} {ergonomic}
    uintx ProfiledCodeHeapSize                     = 122909434                              {pd product} {ergonomic}
    uintx ReservedCodeCacheSize                    = 251658240                              {pd product} {ergonomic}
     bool SegmentedCodeCache                       = true                                      {product} {ergonomic}
   size_t SoftMaxHeapSize                          = 1073741824                             {manageable} {ergonomic}
     bool UseCompressedClassPointers               = true                                 {lp64_product} {ergonomic}
     bool UseCompressedOops                        = true                                 {lp64_product} {ergonomic}
     bool UseParallelGC                            = true                                      {product} {command line}

Logging:
Log output configuration:
 #0: stdout all=warning uptime,level,tags
 #1: stderr all=off uptime,level,tags

Environment Variables:
PATH=/Library/Frameworks/Python.framework/Versions/3.8/bin:/Library/Frameworks/Python.framework/Versions/3.8/bin:/Library/Frameworks/Python.framework/Versions/3.8/bin:/usr/local/bin:/usr/bin:/bin:/usr/sbin:/sbin:/Library/Apple/usr/bin:/Users/avishekbhusal/Library/Android/sdk/emulator:/Users/avishekbhusal/Library/Android/sdk/tools:/Users/avishekbhusal/Library/Android/sdk/tools/bin:/Users/avishekbhusal/Library/Android/sdk/platform-tools
SHELL=/bin/bash

Signal Handlers:
SIGSEGV: [libjvm.dylib+0x7415b8], sa_mask[0]=11111111011111110111111111111111, sa_flags=SA_ONSTACK|SA_RESTART|SA_SIGINFO
SIGBUS: [libjvm.dylib+0x7415b8], sa_mask[0]=11111111011111110111111111111111, sa_flags=SA_RESTART|SA_SIGINFO
SIGFPE: [libjvm.dylib+0x7415b8], sa_mask[0]=11111111011111110111111111111111, sa_flags=SA_RESTART|SA_SIGINFO
SIGPIPE: [libjvm.dylib+0x5eb4b1], sa_mask[0]=11111111011111110111111111111111, sa_flags=SA_RESTART|SA_SIGINFO
SIGXFSZ: [libjvm.dylib+0x5eb4b1], sa_mask[0]=11111111011111110111111111111111, sa_flags=SA_RESTART|SA_SIGINFO
SIGILL: [libjvm.dylib+0x7415b8], sa_mask[0]=11111111011111110111111111111111, sa_flags=SA_RESTART|SA_SIGINFO
SIGUSR2: [libjvm.dylib+0x5eba83], sa_mask[0]=00000000000000000000000000000000, sa_flags=SA_RESTART|SA_SIGINFO
SIGHUP: [libjvm.dylib+0x5eaae5], sa_mask[0]=11111111011111110111111111111111, sa_flags=SA_RESTART|SA_SIGINFO
SIGINT: [libjvm.dylib+0x5eaae5], sa_mask[0]=11111111011111110111111111111111, sa_flags=SA_RESTART|SA_SIGINFO
SIGTERM: [libjvm.dylib+0x5eaae5], sa_mask[0]=11111111011111110111111111111111, sa_flags=SA_RESTART|SA_SIGINFO
SIGQUIT: [libjvm.dylib+0x5eaae5], sa_mask[0]=11111111011111110111111111111111, sa_flags=SA_RESTART|SA_SIGINFO


---------------  S Y S T E M  ---------------

OS:uname:Darwin 19.6.0 Darwin Kernel Version 19.6.0: Thu Oct 29 22:56:45 PDT 2020; root:xnu-6153.141.2.2~1/RELEASE_X86_64 x86_64
OS uptime: 2 days 3:32 hours
rlimit: STACK 8192k, CORE 0k, NPROC 2784, NOFILE 10240, AS infinity, DATA infinity, FSIZE infinity
load average:56.02 24.12 11.37

CPU:total 8 (initial active 8) (4 cores per cpu, 2 threads per core) family 6 model 158 stepping 9, cmov, cx8, fxsr, mmx, sse, sse2, sse3, ssse3, sse4.1, sse4.2, popcnt, avx, avx2, aes, clmul, erms, 3dnowpref, lzcnt, ht, tsc, tscinvbit, bmi1, bmi2, adx, fma

Memory: 4k page, physical 16777216k(1349232k free), swap 2097152k(1801216k free)

vm_info: Java HotSpot(TM) 64-Bit Server VM (14.0.2+12-46) for bsd-amd64 JRE (14.0.2+12-46), built on Jul  8 2020 23:32:31 by "mach5one" with clang 4.2.1 Compatible Apple LLVM 10.0.0 (clang-1000.11.45.5)

END.
