#
# A fatal error has been detected by the Java Runtime Environment:
#
#  SIGSEGV (0xb) at pc=0x000000010a1120c3, pid=87509, tid=16643
#
# JRE version: Java(TM) SE Runtime Environment (14.0.2+12) (build 14.0.2+12-46)
# Java VM: Java HotSpot(TM) 64-Bit Server VM (14.0.2+12-46, mixed mode, sharing, tiered, compressed oops, parallel gc, bsd-amd64)
# Problematic frame:
# V  [libjvm.dylib+0x5120c3]  PhaseIdealLoop::build_loop_late(VectorSet&, Node_List&, Node_Stack&)+0x107
#
# No core dump will be written. Core dumps have been disabled. To enable core dumping, try "ulimit -c unlimited" before starting Java again
#
# If you would like to submit a bug report, please visit:
#   https://bugreport.java.com/bugreport/crash.jsp
#

---------------  S U M M A R Y ------------

Command Line: --add-modules=ALL-SYSTEM --add-opens=java.base/java.util=ALL-UNNAMED --add-opens=java.base/java.lang=ALL-UNNAMED -Declipse.application=org.eclipse.jdt.ls.core.id1 -Dosgi.bundles.defaultStartLevel=4 -Declipse.product=org.eclipse.jdt.ls.core.product -Dfile.encoding=utf8 -XX:+UseParallelGC -XX:GCTimeRatio=4 -XX:AdaptiveSizePolicyWeight=90 -Dsun.zip.disableMemoryMapping=true -Xmx1G -Xms100m /Users/avishekbhusal/.vscode/extensions/redhat.java-0.70.0/server/plugins/org.eclipse.equinox.launcher_1.6.0.v20200915-1508.jar -configuration /Users/avishekbhusal/Library/Application Support/Code/User/globalStorage/redhat.java/0.70.0/config_mac -data /Users/avishekbhusal/Library/Application Support/Code/User/workspaceStorage/6fe732eadeebe1d5a83c3864aa8d1994/redhat.java/jdt_ws

Host: MacBookPro14,3 x86_64 2800 MHz, 8 cores, 16G, Darwin 19.6.0
Time: Thu Nov 12 22:38:21 2020 AEDT elapsed time: 2 seconds (0d 0h 0m 2s)

---------------  T H R E A D  ---------------

Current thread (0x00007fa9ae010800):  JavaThread "C2 CompilerThread0" daemon [_thread_in_native, id=16643, stack(0x000070000768c000,0x000070000778c000)]


Current CompileTask:
C2:   2860 1596       4       org.apache.felix.resolver.util.OpenHashMap::getOrCompute (253 bytes)

Stack: [0x000070000768c000,0x000070000778c000],  sp=0x0000700007787f50,  free space=1007k
Native frames: (J=compiled Java code, A=aot compiled Java code, j=interpreted, Vv=VM code, C=native code)
V  [libjvm.dylib+0x5120c3]  PhaseIdealLoop::build_loop_late(VectorSet&, Node_List&, Node_Stack&)+0x107
V  [libjvm.dylib+0x511410]  PhaseIdealLoop::build_and_optimize(LoopOptsMode)+0x630
V  [libjvm.dylib+0x1f24b2]  PhaseIdealLoop::optimize(PhaseIterGVN&, LoopOptsMode)+0x4c
V  [libjvm.dylib+0x1efae3]  Compile::Optimize()+0x835
V  [libjvm.dylib+0x1ee557]  Compile::Compile(ciEnv*, C2Compiler*, ciMethod*, int, bool, bool, bool, DirectiveSet*)+0x875
V  [libjvm.dylib+0x188468]  C2Compiler::compile_method(ciEnv*, ciMethod*, int, DirectiveSet*)+0xb6
V  [libjvm.dylib+0x1fafb2]  CompileBroker::invoke_compiler_on_method(CompileTask*)+0x5ac
V  [libjvm.dylib+0x1fa86a]  CompileBroker::compiler_thread_loop()+0x1b4
V  [libjvm.dylib+0x6ed18a]  JavaThread::thread_main_inner()+0x86
V  [libjvm.dylib+0x6ecfc8]  JavaThread::run()+0x118
V  [libjvm.dylib+0x6eae07]  Thread::call_run()+0x71
V  [libjvm.dylib+0x5e98be]  thread_native_entry(Thread*)+0x129
C  [libsystem_pthread.dylib+0x6109]  _pthread_start+0x94
C  [libsystem_pthread.dylib+0x1b8b]  thread_start+0xf


siginfo: si_signo: 11 (SIGSEGV), si_code: 1 (SEGV_MAPERR), si_addr: 0x0000000000000010

Register to memory mapping:

RAX=0x0 is NULL
RBX=0x00007fa9ae1283e8 points into unknown readable memory: 90 da 12 ae a9 7f 00 00
RCX=0x00007fa9b105ade8 points into unknown readable memory: 00 00 00 00 00 00 00 00
RDX=0x0 is NULL
RSP=0x0000700007787f50 is pointing into the stack for thread: 0x00007fa9ae010800
RBP=0x0000700007787fb0 is pointing into the stack for thread: 0x00007fa9ae010800
RSI=0x0 is NULL
RDI=0x00007fa9ae12a2e0 points into unknown readable memory: 00 00 00 00 00 00 00 00
R8 =0x000000000008e3b7 is an unknown value
R9 =0xffffffff00000000 is an unknown value
R10=0x000000010a51bbc0: _ZL8tc_mutex+0x18 in /Library/Java/JavaVirtualMachines/jdk-14.0.2.jdk/Contents/Home/lib/server/libjvm.dylib at 0x0000000109c00000
R11=0xffffffffffe88dd0 is an unknown value
R12=0x0000700007788350 is pointing into the stack for thread: 0x00007fa9ae010800
R13=0x00007fa9ae12a2e0 points into unknown readable memory: 00 00 00 00 00 00 00 00
R14=0x0000000000000001 is an unknown value
R15=0x0000700007788288 is pointing into the stack for thread: 0x00007fa9ae010800


Registers:
RAX=0x0000000000000000, RBX=0x00007fa9ae1283e8, RCX=0x00007fa9b105ade8, RDX=0x0000000000000000
RSP=0x0000700007787f50, RBP=0x0000700007787fb0, RSI=0x0000000000000000, RDI=0x00007fa9ae12a2e0
R8 =0x000000000008e3b7, R9 =0xffffffff00000000, R10=0x000000010a51bbc0, R11=0xffffffffffe88dd0
R12=0x0000700007788350, R13=0x00007fa9ae12a2e0, R14=0x0000000000000001, R15=0x0000700007788288
RIP=0x000000010a1120c3, EFLAGS=0x0000000000010206, ERR=0x0000000000000004
  TRAPNO=0x000000000000000e

Top of Stack: (sp=0x0000700007787f50)
0x0000700007787f50:   00000000000005fa 0000700007788d08
0x0000700007787f60:   0000700007788288 00007000077882d0
0x0000700007787f70:   00007fa9ae1283e8 00007000077882a8
0x0000700007787f80:   b103406007787fb0 0000000000000001
0x0000700007787f90:   0000700007788350 0000700007788370
0x0000700007787fa0:   0000000000000000 00007fa9af475a48
0x0000700007787fb0:   0000700007788340 000000010a111410
0x0000700007787fc0:   00007fa9adc190c0 0000000000000004
0x0000700007787fd0:   00007fa9b116f5d0 0000700000000000
0x0000700007787fe0:   00007000077880b0 0000000109ce9c7b
0x0000700007787ff0:   0000700007788068 ffffffff00000000
0x0000700007788000:   ffffffffffffffff 00000008ffffffff
0x0000700007788010:   0000700007788400 000000010a4f0660
0x0000700007788020:   0000000000000000 0000000000000000
0x0000700007788030:   0000000000000006 0000700007788680
0x0000700007788040:   0000000000000004 ffffffffffffffff
0x0000700007788050:   ffffffffffffffff 00000008ffffffff
0x0000700007788060:   0000700007788400 000000010a4f0660
0x0000700007788070:   00000000ffffffff 0000700007788490
0x0000700007788080:   0000700007788490 0000000000000010
0x0000700007788090:   00007000077880b0 0000000109ce99fc
0x00007000077880a0:   000000010a4158d0 0000000000000016
0x00007000077880b0:   00007000077886b0 0000000109c05a09
0x00007000077880c0:   0000000000000004 ffffffffffffffff
0x00007000077880d0:   ffffffffffffffff 00000008ffffffff
0x00007000077880e0:   0000700007788400 000000010a4f0660
0x00007000077880f0:   0000000000000000 0000000000000000
0x0000700007788100:   0000000000000006 0000700007788680
0x0000700007788110:   0000000000000002 000070000778b110
0x0000700007788120:   00007fa9b00508c0 00007fa9b0050950
0x0000700007788130:   0000700007788190 0000000109ce00b5
0x0000700007788140:   00007fa9adc190c0 0000000000000000 

Instructions: (pc=0x000000010a1120c3)
0x000000010a111fc3:   56 41 55 41 54 53 48 83 ec 38 48 89 cb 49 89 f7
0x000000010a111fd3:   49 89 fc 8b 42 18 85 c0 0f 84 d3 01 00 00 49 8d
0x000000010a111fe3:   8c 24 b8 09 00 00 48 89 4d a8 48 89 5d c8 48 89
0x000000010a111ff3:   55 b8 4c 89 7d b0 48 8b 4a 10 ff c8 89 42 18 4c
0x000000010a112003:   8b 34 c1 41 8b 76 28 4c 89 ff e8 de 8d fe ff 84
0x000000010a112013:   c0 0f 85 8b 01 00 00 41 8b 46 20 89 45 d4 31 c0
0x000000010a112023:   4c 89 f3 eb 16 48 8b 11 8b 42 20 89 45 d4 8b 41
0x000000010a112033:   08 48 83 c1 f0 48 89 0b 48 89 d3 41 89 c6 48 89
0x000000010a112043:   5d c0 eb 03 49 ff c6 44 3b 75 d4 0f 83 30 01 00
0x000000010a112053:   00 48 8b 43 10 4e 8b 2c f0 41 8b 75 28 41 39 74
0x000000010a112063:   24 28 76 0c 49 8b 44 24 30 48 83 3c f0 00 75 3f
0x000000010a112073:   49 83 7d 10 00 74 38 41 8b 84 24 c0 09 00 00 41
0x000000010a112083:   8b 9c 24 d0 09 00 00 8d 4b 01 41 89 8c 24 d0 09
0x000000010a112093:   00 00 39 d8 77 0b 48 8b 7d a8 89 de e8 62 23 0c
0x000000010a1120a3:   00 49 8b 84 24 c8 09 00 00 4c 89 2c d8 eb 73 49
0x000000010a1120b3:   8b 45 08 48 83 38 00 74 76 49 8b 45 00 4c 89 ef
0x000000010a1120c3:   ff 50 10 84 c0 75 0d 41 0f b7 45 2c 83 e0 0f 83
0x000000010a1120d3:   f8 0c 75 57 41 8b 45 28 89 c1 c1 e9 05 41 3b 0f
0x000000010a1120e3:   73 12 49 8b 57 08 89 c9 8b 0c 8a 0f a3 c1 0f 82
0x000000010a1120f3:   50 ff ff ff 48 8b 5d b8 8b 43 08 44 8b 7b 18 41
0x000000010a112103:   8d 4f 01 89 4b 18 44 39 f8 77 0b 48 89 df 44 89
0x000000010a112113:   fe e8 ed 22 0c 00 48 8b 43 10 4e 89 2c f8 4c 8b
0x000000010a112123:   7d b0 48 8b 5d c0 e9 19 ff ff ff 41 8b 75 28 4c
0x000000010a112133:   89 ff e8 b6 8c fe ff 84 c0 0f 85 05 ff ff ff 48
0x000000010a112143:   8b 4d c8 48 8b 01 48 83 c0 10 48 89 01 49 ff c6
0x000000010a112153:   48 3b 41 08 72 13 48 8b 5d c8 48 89 df e8 55 27
0x000000010a112163:   0c 00 48 8b 03 48 8b 5d c0 48 89 18 44 89 70 08
0x000000010a112173:   41 8b 45 20 89 45 d4 31 c0 4c 89 eb e9 ba fe ff
0x000000010a112183:   ff ba 01 00 00 00 4c 89 e7 48 89 de e8 7c 16 00
0x000000010a112193:   00 48 8b 5d c8 48 8b 0b 48 3b 4b 10 0f 83 83 fe
0x000000010a1121a3:   ff ff 48 8b 55 b8 8b 42 18 85 c0 0f 85 45 fe ff
0x000000010a1121b3:   ff 48 83 c4 38 5b 41 5c 41 5d 41 5e 41 5f 5d c3 


Stack slot to memory mapping:
stack at sp + 0 slots: 0x00000000000005fa is an unknown value
stack at sp + 1 slots: 0x0000700007788d08 is pointing into the stack for thread: 0x00007fa9ae010800
stack at sp + 2 slots: 0x0000700007788288 is pointing into the stack for thread: 0x00007fa9ae010800
stack at sp + 3 slots: 0x00007000077882d0 is pointing into the stack for thread: 0x00007fa9ae010800
stack at sp + 4 slots: 0x00007fa9ae1283e8 points into unknown readable memory: 90 da 12 ae a9 7f 00 00
stack at sp + 5 slots: 0x00007000077882a8 is pointing into the stack for thread: 0x00007fa9ae010800
stack at sp + 6 slots: 0xb103406007787fb0 is an unknown value
stack at sp + 7 slots: 0x0000000000000001 is an unknown value


---------------  P R O C E S S  ---------------

Threads class SMR info:
_java_thread_list=0x00007fa9af2d7800, length=26, elements={
0x00007fa9b1010800, 0x00007fa9ae822000, 0x00007fa9ae825000, 0x00007fa9ae00d800,
0x00007fa9b101a800, 0x00007fa9ae010800, 0x00007fa9b080d000, 0x00007fa9ae823000,
0x00007fa9b102b000, 0x00007fa9ae014000, 0x00007fa9b1046800, 0x00007fa9b18ec800,
0x00007fa9af848000, 0x00007fa9b403d000, 0x00007fa9b0010800, 0x00007fa9ae00e800,
0x00007fa9ae827000, 0x00007fa9ae00f800, 0x00007fa9ae94a000, 0x00007fa9b08bb000,
0x00007fa9ae948800, 0x00007fa9b192c000, 0x00007fa9b1965800, 0x00007fa9b18ee000,
0x00007fa9b11fa000, 0x00007fa9af8c6800
}

Java Threads: ( => current thread )
  0x00007fa9b1010800 JavaThread "main" [_thread_blocked, id=6659, stack(0x0000700006e71000,0x0000700006f71000)]
  0x00007fa9ae822000 JavaThread "Reference Handler" daemon [_thread_blocked, id=13571, stack(0x000070000717a000,0x000070000727a000)]
  0x00007fa9ae825000 JavaThread "Finalizer" daemon [_thread_blocked, id=19459, stack(0x000070000727d000,0x000070000737d000)]
  0x00007fa9ae00d800 JavaThread "Signal Dispatcher" daemon [_thread_blocked, id=17923, stack(0x0000700007486000,0x0000700007586000)]
  0x00007fa9b101a800 JavaThread "Service Thread" daemon [_thread_blocked, id=17411, stack(0x0000700007589000,0x0000700007689000)]
=>0x00007fa9ae010800 JavaThread "C2 CompilerThread0" daemon [_thread_in_native, id=16643, stack(0x000070000768c000,0x000070000778c000)]
  0x00007fa9b080d000 JavaThread "C1 CompilerThread0" daemon [_thread_in_vm, id=21763, stack(0x000070000778f000,0x000070000788f000)]
  0x00007fa9ae823000 JavaThread "Sweeper thread" daemon [_thread_blocked, id=43011, stack(0x0000700007892000,0x0000700007992000)]
  0x00007fa9b102b000 JavaThread "Common-Cleaner" daemon [_thread_blocked, id=42499, stack(0x0000700007995000,0x0000700007a95000)]
  0x00007fa9ae014000 JavaThread "Notification Thread" daemon [_thread_blocked, id=23043, stack(0x0000700007b9b000,0x0000700007c9b000)]
  0x00007fa9b1046800 JavaThread "process reaper" daemon [_thread_blocked, id=24067, stack(0x0000700007da1000,0x0000700007dc5000)]
  0x00007fa9b18ec800 JavaThread "Equinox resolver thread - Equinox Container: 4d1cd259-a609-4bd8-8824-cb32fb200962" daemon [_thread_blocked, id=24579, stack(0x0000700007dc8000,0x0000700007ec8000)]
  0x00007fa9af848000 JavaThread "Equinox resolver thread - Equinox Container: 4d1cd259-a609-4bd8-8824-cb32fb200962" daemon [_thread_blocked, id=22791, stack(0x0000700007a98000,0x0000700007b98000)]
  0x00007fa9b403d000 JavaThread "Equinox resolver thread - Equinox Container: 4d1cd259-a609-4bd8-8824-cb32fb200962" daemon [_thread_blocked, id=24835, stack(0x0000700007ecb000,0x0000700007fcb000)]
  0x00007fa9b0010800 JavaThread "Equinox resolver thread - Equinox Container: 4d1cd259-a609-4bd8-8824-cb32fb200962" daemon [_thread_blocked, id=25347, stack(0x0000700007fce000,0x00007000080ce000)]
  0x00007fa9ae00e800 JavaThread "Equinox resolver thread - Equinox Container: 4d1cd259-a609-4bd8-8824-cb32fb200962" daemon [_thread_blocked, id=39683, stack(0x00007000080d1000,0x00007000081d1000)]
  0x00007fa9ae827000 JavaThread "Equinox resolver thread - Equinox Container: 4d1cd259-a609-4bd8-8824-cb32fb200962" daemon [_thread_blocked, id=39427, stack(0x00007000081d4000,0x00007000082d4000)]
  0x00007fa9ae00f800 JavaThread "Active Thread: Equinox Container: 4d1cd259-a609-4bd8-8824-cb32fb200962" [_thread_blocked, id=26371, stack(0x00007000082d7000,0x00007000083d7000)]
  0x00007fa9ae94a000 JavaThread "Framework Event Dispatcher: Equinox Container: 4d1cd259-a609-4bd8-8824-cb32fb200962" daemon [_thread_blocked, id=27395, stack(0x00007000086e3000,0x00007000087e3000)]
  0x00007fa9b08bb000 JavaThread "Start Level: Equinox Container: 4d1cd259-a609-4bd8-8824-cb32fb200962" daemon [_thread_in_Java, id=27651, stack(0x00007000087e6000,0x00007000088e6000)]
  0x00007fa9ae948800 JavaThread "Refresh Thread: Equinox Container: 4d1cd259-a609-4bd8-8824-cb32fb200962" daemon [_thread_blocked, id=29187, stack(0x0000700008aef000,0x0000700008bef000)]
  0x00007fa9b192c000 JavaThread "Equinox resolver thread - Equinox Container: 4d1cd259-a609-4bd8-8824-cb32fb200962" daemon [_thread_blocked, id=84739, stack(0x0000700008c75000,0x0000700008d75000)]
  0x00007fa9b1965800 JavaThread "Equinox resolver thread - Equinox Container: 4d1cd259-a609-4bd8-8824-cb32fb200962" daemon [_thread_blocked, id=45827, stack(0x0000700008d78000,0x0000700008e78000)]
  0x00007fa9b18ee000 JavaThread "SCR Component Actor" daemon [_thread_blocked, id=28167, stack(0x00007000088e9000,0x00007000089e9000)]
  0x00007fa9b11fa000 JavaThread "Timer-0" daemon [_thread_blocked, id=28935, stack(0x00007000089ec000,0x0000700008aec000)]
  0x00007fa9af8c6800 JavaThread "C2 CompilerThread1" daemon [_thread_blocked, id=48999, stack(0x0000700008e7b000,0x0000700008f7b000)]

Other Threads:
  0x00007fa9af816800 VMThread "VM Thread" [stack: 0x0000700007077000,0x0000700007177000] [id=12803]
  0x00007fa9b1822800 WatcherThread [stack: 0x0000700007c9e000,0x0000700007d9e000] [id=23299]
  0x00007fa9ae812800 GCTaskThread "GC Thread#0" [stack: 0x0000700006f74000,0x0000700007074000] [id=20483]
  0x00007fa9b0011800 GCTaskThread "GC Thread#1" [stack: 0x00007000083da000,0x00007000084da000] [id=38659]
  0x00007fa9b00e3800 GCTaskThread "GC Thread#2" [stack: 0x00007000084dd000,0x00007000085dd000] [id=26627]
  0x00007fa9b00e4800 GCTaskThread "GC Thread#3" [stack: 0x00007000085e0000,0x00007000086e0000] [id=26883]

Threads with active compile tasks:
C2 CompilerThread0     2881 1596       4       org.apache.felix.resolver.util.OpenHashMap::getOrCompute (253 bytes)
C1 CompilerThread0     2881 2036       1       org.eclipse.core.internal.registry.ReferenceMap$SoftRef::getNext (5 bytes)

VM state:not at safepoint (normal execution)

VM Mutex/Monitor currently owned by a thread: None

Heap address: 0x00000007c0000000, size: 1024 MB, Compressed Oops mode: Zero based, Oop shift amount: 3
Narrow klass base: 0x0000000800000000, Narrow klass shift: 3
Compressed class space size: 1073741824 Address: 0x0000000800b05000

Heap:
 PSYoungGen      total 29696K, used 18587K [0x00000007eab00000, 0x00000007ecc00000, 0x0000000800000000)
  eden space 25600K, 56% used [0x00000007eab00000,0x00000007eb9290d8,0x00000007ec400000)
  from space 4096K, 99% used [0x00000007ec800000,0x00000007ecbfdb40,0x00000007ecc00000)
  to   space 4096K, 0% used [0x00000007ec400000,0x00000007ec400000,0x00000007ec800000)
 ParOldGen       total 68608K, used 5253K [0x00000007c0000000, 0x00000007c4300000, 0x00000007eab00000)
  object space 68608K, 7% used [0x00000007c0000000,0x00000007c05214c0,0x00000007c4300000)
 Metaspace       used 11171K, capacity 11774K, committed 12160K, reserved 1060864K
  class space    used 1121K, capacity 1310K, committed 1408K, reserved 1048576K

Card table byte_map: [0x00000001084ab000,0x00000001086ac000] _byte_map_base: 0x00000001046ab000

Marking Bits: (ParMarkBitMap*) 0x000000010a56e390
 Begin Bits: [0x000000012212d000, 0x000000012312d000)
 End Bits:   [0x000000012312d000, 0x000000012412d000)

Polling page: 0x000000010824b000

Metaspace:

Usage:
  Non-class:     10.22 MB capacity,     9.81 MB ( 96%) used,   392.98 KB (  4%) free+waste,    21.38 KB ( <1%) overhead. 
      Class:      1.28 MB capacity,     1.10 MB ( 86%) used,   176.98 KB ( 14%) free+waste,    11.12 KB ( <1%) overhead. 
       Both:     11.50 MB capacity,    10.91 MB ( 95%) used,   569.96 KB (  5%) free+waste,    32.50 KB ( <1%) overhead. 

Virtual space:
  Non-class space:       12.00 MB reserved,      10.50 MB ( 88%) committed 
      Class space:        1.00 GB reserved,       1.38 MB ( <1%) committed 
             Both:        1.01 GB reserved,      11.88 MB (  1%) committed 

Chunk freelists:
   Non-Class:  116.00 KB
       Class:  14.00 KB
        Both:  130.00 KB

MaxMetaspaceSize: unlimited
CompressedClassSpaceSize: 1.00 GB

CodeHeap 'non-profiled nmethods': size=120028Kb used=717Kb max_used=717Kb free=119310Kb
 bounds [0x000000011abf6000, 0x000000011ae66000, 0x000000012212d000]
CodeHeap 'profiled nmethods': size=120028Kb used=4237Kb max_used=4237Kb free=115790Kb
 bounds [0x00000001136bf000, 0x0000000113aef000, 0x000000011abf6000]
CodeHeap 'non-nmethods': size=5704Kb used=1166Kb max_used=1183Kb free=4537Kb
 bounds [0x000000011312d000, 0x000000011339d000, 0x00000001136bf000]
 total_blobs=2460 nmethods=2032 adapters=343
 compilation: enabled
              stopped_count=0, restarted_count=0
 full_count=0

Compilation events (20 events):
Event: 2.853 Thread 0x00007fa9b080d000 1991       1       java.util.concurrent.ConcurrentHashMap$MapEntry::getValue (5 bytes)
Event: 2.853 Thread 0x00007fa9b080d000 nmethod 1991 0x000000011aca5710 code [0x000000011aca58a0, 0x000000011aca5970]
Event: 2.853 Thread 0x00007fa9b080d000 1988       3       org.eclipse.core.internal.registry.ReferenceMap::indexFor (55 bytes)
Event: 2.853 Thread 0x00007fa9b080d000 nmethod 1988 0x0000000113ac3190 code [0x0000000113ac3320, 0x0000000113ac3490]
Event: 2.853 Thread 0x00007fa9b080d000 1995       3       com.sun.org.apache.xerces.internal.util.XMLStringBuffer::clear (11 bytes)
Event: 2.854 Thread 0x00007fa9b080d000 nmethod 1995 0x0000000113ac3590 code [0x0000000113ac3720, 0x0000000113ac3850]
Event: 2.854 Thread 0x00007fa9b080d000 1999       3       com.sun.org.apache.xerces.internal.util.ParserConfigurationSettings::getFeatureState (46 bytes)
Event: 2.854 Thread 0x00007fa9af8c6800 nmethod 1992 0x000000011aca5a10 code [0x000000011aca5c00, 0x000000011aca5fc8]
Event: 2.854 Thread 0x00007fa9af8c6800 1997       4       java.util.concurrent.ConcurrentHashMap::setTabAt (20 bytes)
Event: 2.854 Thread 0x00007fa9b080d000 nmethod 1999 0x0000000113ac3910 code [0x0000000113ac3b20, 0x0000000113ac4390]
Event: 2.854 Thread 0x00007fa9b080d000 2000       3       com.sun.org.apache.xerces.internal.util.NamespaceSupport::getDeclaredPrefixCount (17 bytes)
Event: 2.854 Thread 0x00007fa9b080d000 nmethod 2000 0x0000000113ac4610 code [0x0000000113ac47a0, 0x0000000113ac4910]
Event: 2.854 Thread 0x00007fa9b080d000 2001       3       com.sun.org.apache.xerces.internal.util.XMLAttributesImpl::getValue (69 bytes)
Event: 2.855 Thread 0x00007fa9af8c6800 nmethod 1997 0x000000011aca6290 code [0x000000011aca6400, 0x000000011aca6478]
Event: 2.855 Thread 0x00007fa9af8c6800 1998       4       java.util.Locale::getDefault (4 bytes)
Event: 2.855 Thread 0x00007fa9b080d000 nmethod 2001 0x0000000113ac4a10 code [0x0000000113ac4c00, 0x0000000113ac5230]
Event: 2.855 Thread 0x00007fa9b080d000 2002       3       com.sun.org.apache.xerces.internal.impl.XMLNSDocumentScannerImpl::scanAttribute (834 bytes)
Event: 2.855 Thread 0x00007fa9af8c6800 nmethod 1998 0x000000011aca6590 code [0x000000011aca6700, 0x000000011aca6758]
Event: 2.855 Thread 0x00007fa9af8c6800 2006       4       com.sun.org.apache.xerces.internal.util.XMLChar::isContent (35 bytes)
Event: 2.856 Thread 0x00007fa9af8c6800 nmethod 2006 0x000000011aca6890 code [0x000000011aca6a20, 0x000000011aca6ad8]

GC Heap History (4 events):
Event: 1.386 GC heap before
{Heap before GC invocations=1 (full 0):
 PSYoungGen      total 29696K, used 25600K [0x00000007eab00000, 0x00000007ecc00000, 0x0000000800000000)
  eden space 25600K, 100% used [0x00000007eab00000,0x00000007ec400000,0x00000007ec400000)
  from space 4096K, 0% used [0x00000007ec800000,0x00000007ec800000,0x00000007ecc00000)
  to   space 4096K, 0% used [0x00000007ec400000,0x00000007ec400000,0x00000007ec800000)
 ParOldGen       total 68608K, used 0K [0x00000007c0000000, 0x00000007c4300000, 0x00000007eab00000)
  object space 68608K, 0% used [0x00000007c0000000,0x00000007c0000000,0x00000007c4300000)
 Metaspace       used 6951K, capacity 7446K, committed 7680K, reserved 1056768K
  class space    used 695K, capacity 747K, committed 768K, reserved 1048576K
}
Event: 1.390 GC heap after
{Heap after GC invocations=1 (full 0):
 PSYoungGen      total 29696K, used 3257K [0x00000007eab00000, 0x00000007ecc00000, 0x0000000800000000)
  eden space 25600K, 0% used [0x00000007eab00000,0x00000007eab00000,0x00000007ec400000)
  from space 4096K, 79% used [0x00000007ec400000,0x00000007ec72e650,0x00000007ec800000)
  to   space 4096K, 0% used [0x00000007ec800000,0x00000007ec800000,0x00000007ecc00000)
 ParOldGen       total 68608K, used 16K [0x00000007c0000000, 0x00000007c4300000, 0x00000007eab00000)
  object space 68608K, 0% used [0x00000007c0000000,0x00000007c0004000,0x00000007c4300000)
 Metaspace       used 6951K, capacity 7446K, committed 7680K, reserved 1056768K
  class space    used 695K, capacity 747K, committed 768K, reserved 1048576K
}
Event: 2.214 GC heap before
{Heap before GC invocations=2 (full 0):
 PSYoungGen      total 29696K, used 28857K [0x00000007eab00000, 0x00000007ecc00000, 0x0000000800000000)
  eden space 25600K, 100% used [0x00000007eab00000,0x00000007ec400000,0x00000007ec400000)
  from space 4096K, 79% used [0x00000007ec400000,0x00000007ec72e650,0x00000007ec800000)
  to   space 4096K, 0% used [0x00000007ec800000,0x00000007ec800000,0x00000007ecc00000)
 ParOldGen       total 68608K, used 16K [0x00000007c0000000, 0x00000007c4300000, 0x00000007eab00000)
  object space 68608K, 0% used [0x00000007c0000000,0x00000007c0004000,0x00000007c4300000)
 Metaspace       used 7623K, capacity 7935K, committed 8064K, reserved 1056768K
  class space    used 749K, capacity 846K, committed 896K, reserved 1048576K
}
Event: 2.224 GC heap after
{Heap after GC invocations=2 (full 0):
 PSYoungGen      total 29696K, used 4086K [0x00000007eab00000, 0x00000007ecc00000, 0x0000000800000000)
  eden space 25600K, 0% used [0x00000007eab00000,0x00000007eab00000,0x00000007ec400000)
  from space 4096K, 99% used [0x00000007ec800000,0x00000007ecbfdb40,0x00000007ecc00000)
  to   space 4096K, 0% used [0x00000007ec400000,0x00000007ec400000,0x00000007ec800000)
 ParOldGen       total 68608K, used 5253K [0x00000007c0000000, 0x00000007c4300000, 0x00000007eab00000)
  object space 68608K, 7% used [0x00000007c0000000,0x00000007c05214c0,0x00000007c4300000)
 Metaspace       used 7623K, capacity 7935K, committed 8064K, reserved 1056768K
  class space    used 749K, capacity 846K, committed 896K, reserved 1048576K
}

Deoptimization events (20 events):
Event: 2.808 Thread 0x00007fa9b08bb000 DEOPT PACKING pc=0x000000011ac8f6e8 sp=0x00007000088df350
Event: 2.808 Thread 0x00007fa9b08bb000 DEOPT UNPACKING pc=0x0000000113175e25 sp=0x00007000088df308 mode 2
Event: 2.819 Thread 0x00007fa9b08bb000 Uncommon trap: trap_request=0xffffffc6 fr.pc=0x000000011aca20d8 relative=0x00000000000008d8
Event: 2.819 Thread 0x00007fa9b08bb000 Uncommon trap: reason=bimorphic_or_optimized_type_check action=maybe_recompile pc=0x000000011aca20d8 method=java.util.ArrayList.indexOfRange(Ljava/lang/Object;II)I @ 54 c2
Event: 2.819 Thread 0x00007fa9b08bb000 DEOPT PACKING pc=0x000000011aca20d8 sp=0x00007000088df370
Event: 2.819 Thread 0x00007fa9b08bb000 DEOPT UNPACKING pc=0x0000000113175e25 sp=0x00007000088df318 mode 2
Event: 2.819 Thread 0x00007fa9b08bb000 Uncommon trap: trap_request=0xffffffc6 fr.pc=0x000000011aca20d8 relative=0x00000000000008d8
Event: 2.819 Thread 0x00007fa9b08bb000 Uncommon trap: reason=bimorphic_or_optimized_type_check action=maybe_recompile pc=0x000000011aca20d8 method=java.util.ArrayList.indexOfRange(Ljava/lang/Object;II)I @ 54 c2
Event: 2.819 Thread 0x00007fa9b08bb000 DEOPT PACKING pc=0x000000011aca20d8 sp=0x00007000088df370
Event: 2.819 Thread 0x00007fa9b08bb000 DEOPT UNPACKING pc=0x0000000113175e25 sp=0x00007000088df318 mode 2
Event: 2.819 Thread 0x00007fa9b08bb000 Uncommon trap: trap_request=0xffffffc6 fr.pc=0x000000011aca20d8 relative=0x00000000000008d8
Event: 2.819 Thread 0x00007fa9b08bb000 Uncommon trap: reason=bimorphic_or_optimized_type_check action=maybe_recompile pc=0x000000011aca20d8 method=java.util.ArrayList.indexOfRange(Ljava/lang/Object;II)I @ 54 c2
Event: 2.819 Thread 0x00007fa9b08bb000 DEOPT PACKING pc=0x000000011aca20d8 sp=0x00007000088df370
Event: 2.819 Thread 0x00007fa9b08bb000 DEOPT UNPACKING pc=0x0000000113175e25 sp=0x00007000088df318 mode 2
Event: 2.819 Thread 0x00007fa9b08bb000 Uncommon trap: trap_request=0xffffffc6 fr.pc=0x000000011aca20d8 relative=0x00000000000008d8
Event: 2.819 Thread 0x00007fa9b08bb000 Uncommon trap: reason=bimorphic_or_optimized_type_check action=maybe_recompile pc=0x000000011aca20d8 method=java.util.ArrayList.indexOfRange(Ljava/lang/Object;II)I @ 54 c2
Event: 2.819 Thread 0x00007fa9b08bb000 DEOPT PACKING pc=0x000000011aca20d8 sp=0x00007000088df370
Event: 2.819 Thread 0x00007fa9b08bb000 DEOPT UNPACKING pc=0x0000000113175e25 sp=0x00007000088df318 mode 2
Event: 2.851 Thread 0x00007fa9b08bb000 DEOPT PACKING pc=0x00000001137bd72e sp=0x00007000088df4b0
Event: 2.851 Thread 0x00007fa9b08bb000 DEOPT UNPACKING pc=0x000000011317633a sp=0x00007000088de9c8 mode 0

Classes unloaded (0 events):
No events

Classes redefined (0 events):
No events

Internal exceptions (20 events):
Event: 0.448 Thread 0x00007fa9b1010800 Exception <a 'java/io/FileNotFoundException'{0x00000007eaefc958}> (0x00000007eaefc958) 
thrown [./open/src/hotspot/share/prims/jni.cpp, line 599]
Event: 0.449 Thread 0x00007fa9b1010800 Exception <a 'java/io/FileNotFoundException'{0x00000007eaefd3f8}> (0x00000007eaefd3f8) 
thrown [./open/src/hotspot/share/prims/jni.cpp, line 599]
Event: 0.461 Thread 0x00007fa9b1010800 Exception <a 'java/io/FileNotFoundException'{0x00000007eaf1a350}> (0x00000007eaf1a350) 
thrown [./open/src/hotspot/share/prims/jni.cpp, line 599]
Event: 0.497 Thread 0x00007fa9b1010800 Exception <a 'java/lang/NoSuchMethodError'{0x00000007eaf487d0}: 'java.lang.Object java.lang.invoke.DirectMethodHandle$Holder.invokeStaticInit(java.lang.Object, java.lang.Object, long, java.lang.Object)'> (0x00000007eaf487d0) 
thrown [./open/src/hotspot/share/interpreter/linkResolver.cpp, line 766]
Event: 0.498 Thread 0x00007fa9b1010800 Exception <a 'java/lang/NoSuchMethodError'{0x00000007eaf4eae0}: 'java.lang.Object java.lang.invoke.Invokers$Holder.linkToTargetMethod(java.lang.Object, long, java.lang.Object)'> (0x00000007eaf4eae0) 
thrown [./open/src/hotspot/share/interpreter/linkResolver.cpp, line 766]
Event: 0.502 Thread 0x00007fa9b1010800 Exception <a 'java/lang/NoSuchMethodError'{0x00000007eaf58448}: 'java.lang.Object java.lang.invoke.DirectMethodHandle$Holder.invokeStatic(java.lang.Object, java.lang.Object, java.lang.Object, int)'> (0x00000007eaf58448) 
thrown [./open/src/hotspot/share/interpreter/linkResolver.cpp, line 766]
Event: 0.503 Thread 0x00007fa9b1010800 Exception <a 'java/lang/NoSuchMethodError'{0x00000007eaf5e6e0}: 'java.lang.Object java.lang.invoke.Invokers$Holder.linkToTargetMethod(java.lang.Object, java.lang.Object, int, java.lang.Object)'> (0x00000007eaf5e6e0) 
thrown [./open/src/hotspot/share/interpreter/linkResolver.cpp, line 766]
Event: 0.753 Thread 0x00007fa9b1010800 Exception <a 'java/io/FileNotFoundException'{0x00000007eb769fd8}> (0x00000007eb769fd8) 
thrown [./open/src/hotspot/share/prims/jni.cpp, line 599]
Event: 0.800 Thread 0x00007fa9b1010800 Implicit null exception at 0x000000011ac268a5 to 0x000000011ac26b00
Event: 0.806 Thread 0x00007fa9b1010800 Implicit null exception at 0x000000011ac1f12f to 0x000000011ac1f1ad
Event: 0.807 Thread 0x00007fa9b1010800 Implicit null exception at 0x000000011ac11a6b to 0x000000011ac124ec
Event: 0.875 Thread 0x00007fa9b1010800 Exception <a 'java/lang/NoSuchMethodError'{0x00000007eb952b98}: 'int java.lang.invoke.DirectMethodHandle$Holder.invokeStaticInit(java.lang.Object, java.lang.Object, java.lang.Object, java.lang.Object)'> (0x00000007eb952b98) 
thrown [./open/src/hotspot/share/interpreter/linkResolver.cpp, line 766]
Event: 0.877 Thread 0x00007fa9b1010800 Exception <a 'java/lang/IncompatibleClassChangeError'{0x00000007eb95be58}: Found class java.lang.Object, but interface was expected> (0x00000007eb95be58) 
thrown [./open/src/hotspot/share/interpreter/linkResolver.cpp, line 832]
Event: 0.879 Thread 0x00007fa9b1010800 Exception <a 'java/lang/NoSuchMethodError'{0x00000007eb95ec20}: 'void java.lang.invoke.DirectMethodHandle$Holder.invokeStaticInit(java.lang.Object, java.lang.Object)'> (0x00000007eb95ec20) 
thrown [./open/src/hotspot/share/interpreter/linkResolver.cpp, line 766]
Event: 0.880 Thread 0x00007fa9b1010800 Exception <a 'java/lang/NoSuchMethodError'{0x00000007eb963af0}: 'int java.lang.invoke.DirectMethodHandle$Holder.invokeStaticInit(java.lang.Object, java.lang.Object)'> (0x00000007eb963af0) 
thrown [./open/src/hotspot/share/interpreter/linkResolver.cpp, line 766]
Event: 0.947 Thread 0x00007fa9b1010800 Exception <a 'java/lang/NoSuchMethodError'{0x00000007ebaa4e70}: 'int java.lang.invoke.DirectMethodHandle$Holder.invokeSpecialIFC(java.lang.Object, java.lang.Object, int)'> (0x00000007ebaa4e70) 
thrown [./open/src/hotspot/share/interpreter/linkResolver.cpp, line 766]
Event: 1.320 Thread 0x00007fa9b1010800 Exception <a 'java/lang/NoSuchMethodError'{0x00000007ec3a1080}: 'java.lang.Object java.lang.invoke.DirectMethodHandle$Holder.invokeStatic(java.lang.Object, int, java.lang.Object)'> (0x00000007ec3a1080) 
thrown [./open/src/hotspot/share/interpreter/linkResolver.cpp, line 766]
Event: 1.324 Thread 0x00007fa9b1010800 Exception <a 'java/lang/NoSuchMethodError'{0x00000007ec3bb5e0}: 'java.lang.Object java.lang.invoke.Invokers$Holder.linkToTargetMethod(java.lang.Object, java.lang.Object, java.lang.Object, int, java.lang.Object, java.lang.Object)'> (0x00000007ec3bb5e0) 
thrown [./open/src/hotspot/share/interpreter/linkResolver.cpp, line 766]
Event: 2.122 Thread 0x00007fa9b1010800 Exception <a 'java/lang/UnsatisfiedLinkError'{0x00000007ebe969d0}: 'void org.eclipse.equinox.launcher.JNIBridge._update_splash()'> (0x00000007ebe969d0) 
thrown [./open/src/hotspot/share/prims/nativeLookup.cpp, line 408]
Event: 2.709 Thread 0x00007fa9b08bb000 Exception <a 'java/io/FileNotFoundException'{0x00000007eb58b3d0}> (0x00000007eb58b3d0) 
thrown [./open/src/hotspot/share/prims/jni.cpp, line 599]

Events (20 events):
Event: 2.823 Executing VM operation: BulkRevokeBias
Event: 2.824 Executing VM operation: BulkRevokeBias done
Event: 2.824 Executing VM operation: HandshakeOneThread
Event: 2.824 Executing VM operation: HandshakeOneThread done
Event: 2.824 Executing VM operation: HandshakeOneThread
Event: 2.825 Executing VM operation: HandshakeOneThread done
Event: 2.826 Executing VM operation: HandshakeOneThread
Event: 2.826 Executing VM operation: HandshakeOneThread done
Event: 2.838 Executing VM operation: BulkRevokeBias
Event: 2.838 Executing VM operation: BulkRevokeBias done
Event: 2.839 Executing VM operation: HandshakeOneThread
Event: 2.839 Executing VM operation: HandshakeOneThread done
Event: 2.842 Executing VM operation: HandshakeOneThread
Event: 2.842 Executing VM operation: HandshakeOneThread done
Event: 2.844 Executing VM operation: HandshakeOneThread
Event: 2.844 Executing VM operation: HandshakeOneThread done
Event: 2.847 Executing VM operation: BulkRevokeBias
Event: 2.848 Executing VM operation: BulkRevokeBias done
Event: 2.850 Executing VM operation: BulkRevokeBias
Event: 2.850 Executing VM operation: BulkRevokeBias done


Dynamic libraries:
0x00007fff6cfb9000 	/usr/lib/libz.1.dylib
0x000000010821c000 	/Library/Java/JavaVirtualMachines/jdk-14.0.2.jdk/Contents/Home/lib/libjli.dylib
0x00007fff32b03000 	/System/Library/Frameworks/Cocoa.framework/Versions/A/Cocoa
0x00007fff402fc000 	/System/Library/Frameworks/Security.framework/Versions/A/Security
0x00007fff31a68000 	/System/Library/Frameworks/ApplicationServices.framework/Versions/A/ApplicationServices
0x00007fff6aa7d000 	/usr/lib/libSystem.B.dylib
0x00007fff6d87a000 	/usr/lib/system/libcache.dylib
0x00007fff6d880000 	/usr/lib/system/libcommonCrypto.dylib
0x00007fff6d88c000 	/usr/lib/system/libcompiler_rt.dylib
0x00007fff6d894000 	/usr/lib/system/libcopyfile.dylib
0x00007fff6d89e000 	/usr/lib/system/libcorecrypto.dylib
0x00007fff6da3d000 	/usr/lib/system/libdispatch.dylib
0x00007fff6da7e000 	/usr/lib/system/libdyld.dylib
0x00007fff6dab5000 	/usr/lib/system/libkeymgr.dylib
0x00007fff6dac3000 	/usr/lib/system/liblaunch.dylib
0x00007fff6dac4000 	/usr/lib/system/libmacho.dylib
0x00007fff6daca000 	/usr/lib/system/libquarantine.dylib
0x00007fff6dacd000 	/usr/lib/system/libremovefile.dylib
0x00007fff6dacf000 	/usr/lib/system/libsystem_asl.dylib
0x00007fff6dae7000 	/usr/lib/system/libsystem_blocks.dylib
0x00007fff6dae8000 	/usr/lib/system/libsystem_c.dylib
0x00007fff6db70000 	/usr/lib/system/libsystem_configuration.dylib
0x00007fff6db74000 	/usr/lib/system/libsystem_coreservices.dylib
0x00007fff6db78000 	/usr/lib/system/libsystem_darwin.dylib
0x00007fff6db81000 	/usr/lib/system/libsystem_dnssd.dylib
0x00007fff6db89000 	/usr/lib/system/libsystem_featureflags.dylib
0x00007fff6db8b000 	/usr/lib/system/libsystem_info.dylib
0x00007fff6dc06000 	/usr/lib/system/libsystem_m.dylib
0x00007fff6dc4e000 	/usr/lib/system/libsystem_malloc.dylib
0x00007fff6dc76000 	/usr/lib/system/libsystem_networkextension.dylib
0x00007fff6dc84000 	/usr/lib/system/libsystem_notify.dylib
0x00007fff6dca2000 	/usr/lib/system/libsystem_sandbox.dylib
0x00007fff6dca7000 	/usr/lib/system/libsystem_secinit.dylib
0x00007fff6dbd9000 	/usr/lib/system/libsystem_kernel.dylib
0x00007fff6dc8e000 	/usr/lib/system/libsystem_platform.dylib
0x00007fff6dc97000 	/usr/lib/system/libsystem_pthread.dylib
0x00007fff6dcaa000 	/usr/lib/system/libsystem_symptoms.dylib
0x00007fff6dcb2000 	/usr/lib/system/libsystem_trace.dylib
0x00007fff6dcca000 	/usr/lib/system/libunwind.dylib
0x00007fff6dcd0000 	/usr/lib/system/libxpc.dylib
0x00007fff6c8dd000 	/usr/lib/libobjc.A.dylib
0x00007fff6adb6000 	/usr/lib/libc++abi.dylib
0x00007fff6ad63000 	/usr/lib/libc++.1.dylib
0x00007fff339a5000 	/System/Library/Frameworks/CoreFoundation.framework/Versions/A/CoreFoundation
0x00007fff36062000 	/System/Library/Frameworks/Foundation.framework/Versions/C/Foundation
0x00007fff30c58000 	/System/Library/Frameworks/AppKit.framework/Versions/C/AppKit
0x00007fff33487000 	/System/Library/Frameworks/CoreData.framework/Versions/A/CoreData
0x00007fff64a92000 	/System/Library/PrivateFrameworks/UIFoundation.framework/Versions/A/UIFoundation
0x00007fff5fb26000 	/System/Library/PrivateFrameworks/RemoteViewServices.framework/Versions/A/RemoteViewServices
0x00007fff675ed000 	/System/Library/PrivateFrameworks/XCTTargetBootstrap.framework/Versions/A/XCTTargetBootstrap
0x00007fff33872000 	/System/Library/Frameworks/CoreDisplay.framework/Versions/A/CoreDisplay
0x00007fff38f1d000 	/System/Library/Frameworks/Metal.framework/Versions/A/Metal
0x00007fff4db13000 	/System/Library/PrivateFrameworks/DesktopServicesPriv.framework/Versions/A/DesktopServicesPriv
0x00007fff6bbb8000 	/usr/lib/liblangid.dylib
0x00007fff4cda8000 	/System/Library/PrivateFrameworks/CoreSVG.framework/Versions/A/CoreSVG
0x00007fff62c82000 	/System/Library/PrivateFrameworks/SkyLight.framework/Versions/A/SkyLight
0x00007fff33e26000 	/System/Library/Frameworks/CoreGraphics.framework/Versions/A/CoreGraphics
0x00007fff2f62c000 	/System/Library/Frameworks/Accelerate.framework/Versions/A/Accelerate
0x00007fff6ceaa000 	/usr/lib/libxml2.2.dylib
0x00007fff58ab1000 	/System/Library/PrivateFrameworks/IconServices.framework/Versions/A/IconServices
0x00007fff36841000 	/System/Library/Frameworks/IOSurface.framework/Versions/A/IOSurface
0x00007fff6a5a7000 	/usr/lib/libDiagnosticMessagesClient.dylib
0x00007fff4d96d000 	/System/Library/PrivateFrameworks/DFRFoundation.framework/Versions/A/DFRFoundation
0x00007fff6b947000 	/usr/lib/libicucore.A.dylib
0x00007fff31d9a000 	/System/Library/Frameworks/AudioToolbox.framework/Versions/A/AudioToolbox
0x00007fff31e7d000 	/System/Library/Frameworks/AudioUnit.framework/Versions/A/AudioUnit
0x00007fff6ac7f000 	/usr/lib/libauto.dylib
0x00007fff4da0f000 	/System/Library/PrivateFrameworks/DataDetectorsCore.framework/Versions/A/DataDetectorsCore
0x00007fff32624000 	/System/Library/Frameworks/Carbon.framework/Versions/A/Frameworks/HIToolbox.framework/Versions/A/HIToolbox
0x00007fff3f4f6000 	/System/Library/Frameworks/QuartzCore.framework/Versions/A/QuartzCore
0x00007fff32963000 	/System/Library/Frameworks/Carbon.framework/Versions/A/Frameworks/SpeechRecognition.framework/Versions/A/SpeechRecognition
0x00007fff4d481000 	/System/Library/PrivateFrameworks/CoreUI.framework/Versions/A/CoreUI
0x00007fff32ef2000 	/System/Library/Frameworks/CoreAudio.framework/Versions/A/CoreAudio
0x00007fff35d21000 	/System/Library/Frameworks/DiskArbitration.framework/Versions/A/DiskArbitration
0x00007fff5ab01000 	/System/Library/PrivateFrameworks/MultitouchSupport.framework/Versions/A/MultitouchSupport
0x00007fff6b80e000 	/usr/lib/libenergytrace.dylib
0x00007fff3679b000 	/System/Library/Frameworks/IOKit.framework/Versions/A/IOKit
0x00007fff34d8d000 	/System/Library/Frameworks/CoreServices.framework/Versions/A/CoreServices
0x00007fff5ccb9000 	/System/Library/PrivateFrameworks/PerformanceAnalysis.framework/Versions/A/PerformanceAnalysis
0x00007fff3e529000 	/System/Library/Frameworks/OpenGL.framework/Versions/A/OpenGL
0x00007fff32b11000 	/System/Library/Frameworks/ColorSync.framework/Versions/A/ColorSync
0x00007fff344a9000 	/System/Library/Frameworks/CoreImage.framework/Versions/A/CoreImage
0x00007fff35800000 	/System/Library/Frameworks/CoreText.framework/Versions/A/CoreText
0x00007fff368d1000 	/System/Library/Frameworks/ImageIO.framework/Versions/A/ImageIO
0x00007fff6addf000 	/usr/lib/libcompression.dylib
0x00007fff6a8eb000 	/usr/lib/libMobileGestalt.dylib
0x00007fff647fc000 	/System/Library/PrivateFrameworks/TextureIO.framework/Versions/A/TextureIO
0x00007fff6abe2000 	/usr/lib/libate.dylib
0x00007fff58cba000 	/System/Library/PrivateFrameworks/InternationalSupport.framework/Versions/A/InternationalSupport
0x00007fff6bbba000 	/usr/lib/liblzma.5.dylib
0x00007fff6b835000 	/usr/lib/libfakelink.dylib
0x00007fff6ab6f000 	/usr/lib/libarchive.2.dylib
0x00007fff413ad000 	/System/Library/Frameworks/SystemConfiguration.framework/Versions/A/SystemConfiguration
0x00007fff6a4da000 	/usr/lib/libCRFSuite.dylib
0x00007fff32214000 	/System/Library/Frameworks/CFNetwork.framework/Versions/A/CFNetwork
0x00007fff6ad45000 	/usr/lib/libbsm.0.dylib
0x00007fff6dab6000 	/usr/lib/system/libkxld.dylib
0x00007fff472ea000 	/System/Library/PrivateFrameworks/AppleFSCompression.framework/Versions/A/AppleFSCompression
0x00007fff6b0d0000 	/usr/lib/libcoretls.dylib
0x00007fff6b0e7000 	/usr/lib/libcoretls_cfhelpers.dylib
0x00007fff6c923000 	/usr/lib/libpam.2.dylib
0x00007fff6ca58000 	/usr/lib/libsqlite3.dylib
0x00007fff6ce97000 	/usr/lib/libxar.1.dylib
0x00007fff6ad56000 	/usr/lib/libbz2.1.0.dylib
0x00007fff6b856000 	/usr/lib/libiconv.2.dylib
0x00007fff6adcc000 	/usr/lib/libcharset.1.dylib
0x00007fff6c3c0000 	/usr/lib/libnetwork.dylib
0x00007fff6c92a000 	/usr/lib/libpcap.A.dylib
0x00007fff6ab24000 	/usr/lib/libapple_nghttp2.dylib
0x00007fff35144000 	/System/Library/Frameworks/CoreServices.framework/Versions/A/Frameworks/FSEvents.framework/Versions/A/FSEvents
0x00007fff34e14000 	/System/Library/Frameworks/CoreServices.framework/Versions/A/Frameworks/CarbonCore.framework/Versions/A/CarbonCore
0x00007fff35388000 	/System/Library/Frameworks/CoreServices.framework/Versions/A/Frameworks/Metadata.framework/Versions/A/Metadata
0x00007fff35421000 	/System/Library/Frameworks/CoreServices.framework/Versions/A/Frameworks/OSServices.framework/Versions/A/OSServices
0x00007fff3544f000 	/System/Library/Frameworks/CoreServices.framework/Versions/A/Frameworks/SearchKit.framework/Versions/A/SearchKit
0x00007fff34d8e000 	/System/Library/Frameworks/CoreServices.framework/Versions/A/Frameworks/AE.framework/Versions/A/AE
0x00007fff3514d000 	/System/Library/Frameworks/CoreServices.framework/Versions/A/Frameworks/LaunchServices.framework/Versions/A/LaunchServices
0x00007fff350f6000 	/System/Library/Frameworks/CoreServices.framework/Versions/A/Frameworks/DictionaryServices.framework/Versions/A/DictionaryServices
0x00007fff354b7000 	/System/Library/Frameworks/CoreServices.framework/Versions/A/Frameworks/SharedFileList.framework/Versions/A/SharedFileList
0x00007fff3a348000 	/System/Library/Frameworks/NetFS.framework/Versions/A/NetFS
0x00007fff5b031000 	/System/Library/PrivateFrameworks/NetAuth.framework/Versions/A/NetAuth
0x00007fff679ba000 	/System/Library/PrivateFrameworks/login.framework/Versions/A/Frameworks/loginsupport.framework/Versions/A/loginsupport
0x00007fff642c7000 	/System/Library/PrivateFrameworks/TCC.framework/Versions/A/TCC
0x00007fff4bf1b000 	/System/Library/PrivateFrameworks/CoreNLP.framework/Versions/A/CoreNLP
0x00007fff5a52e000 	/System/Library/PrivateFrameworks/MetadataUtilities.framework/Versions/A/MetadataUtilities
0x00007fff6bc92000 	/usr/lib/libmecabra.dylib
0x00007fff6bbea000 	/usr/lib/libmecab.dylib
0x00007fff6b846000 	/usr/lib/libgermantok.dylib
0x00007fff6ab0b000 	/usr/lib/libThaiTokenizer.dylib
0x00007fff6a511000 	/usr/lib/libChineseTokenizer.dylib
0x00007fff2f644000 	/System/Library/Frameworks/Accelerate.framework/Versions/A/Frameworks/vImage.framework/Versions/A/vImage
0x00007fff30aae000 	/System/Library/Frameworks/Accelerate.framework/Versions/A/Frameworks/vecLib.framework/Versions/A/vecLib
0x00007fff309eb000 	/System/Library/Frameworks/Accelerate.framework/Versions/A/Frameworks/vecLib.framework/Versions/A/libvMisc.dylib
0x00007fff30813000 	/System/Library/Frameworks/Accelerate.framework/Versions/A/Frameworks/vecLib.framework/Versions/A/libvDSP.dylib
0x00007fff2fc9b000 	/System/Library/Frameworks/Accelerate.framework/Versions/A/Frameworks/vecLib.framework/Versions/A/libBLAS.dylib
0x00007fff303d7000 	/System/Library/Frameworks/Accelerate.framework/Versions/A/Frameworks/vecLib.framework/Versions/A/libLAPACK.dylib
0x00007fff30773000 	/System/Library/Frameworks/Accelerate.framework/Versions/A/Frameworks/vecLib.framework/Versions/A/libLinearAlgebra.dylib
0x00007fff30800000 	/System/Library/Frameworks/Accelerate.framework/Versions/A/Frameworks/vecLib.framework/Versions/A/libSparseBLAS.dylib
0x00007fff30789000 	/System/Library/Frameworks/Accelerate.framework/Versions/A/Frameworks/vecLib.framework/Versions/A/libQuadrature.dylib
0x00007fff2ff03000 	/System/Library/Frameworks/Accelerate.framework/Versions/A/Frameworks/vecLib.framework/Versions/A/libBNNS.dylib
0x00007fff3078f000 	/System/Library/Frameworks/Accelerate.framework/Versions/A/Frameworks/vecLib.framework/Versions/A/libSparse.dylib
0x00007fff590a2000 	/System/Library/PrivateFrameworks/LanguageModeling.framework/Versions/A/LanguageModeling
0x00007fff4b8cb000 	/System/Library/PrivateFrameworks/CoreEmoji.framework/Versions/A/CoreEmoji
0x00007fff591c0000 	/System/Library/PrivateFrameworks/LinguisticData.framework/Versions/A/LinguisticData
0x00007fff59171000 	/System/Library/PrivateFrameworks/Lexicon.framework/Versions/A/Lexicon
0x00007fff6adcd000 	/usr/lib/libcmph.dylib
0x00007fff3cf37000 	/System/Library/Frameworks/OpenDirectory.framework/Versions/A/Frameworks/CFOpenDirectory.framework/Versions/A/CFOpenDirectory
0x00007fff3cf54000 	/System/Library/Frameworks/OpenDirectory.framework/Versions/A/OpenDirectory
0x00007fff45397000 	/System/Library/PrivateFrameworks/APFS.framework/Versions/A/APFS
0x00007fff40646000 	/System/Library/Frameworks/SecurityFoundation.framework/Versions/A/SecurityFoundation
0x00007fff6ce93000 	/usr/lib/libutil.dylib
0x00007fff4ce00000 	/System/Library/PrivateFrameworks/CoreServicesStore.framework/Versions/A/CoreServicesStore
0x00007fff406fd000 	/System/Library/Frameworks/ServiceManagement.framework/Versions/A/ServiceManagement
0x00007fff48aba000 	/System/Library/PrivateFrameworks/BackgroundTaskManagement.framework/Versions/A/BackgroundTaskManagement
0x00007fff6cf90000 	/usr/lib/libxslt.1.dylib
0x00007fff4795d000 	/System/Library/PrivateFrameworks/AppleSystemInfo.framework/Versions/A/AppleSystemInfo
0x00007fff36aec000 	/System/Library/Frameworks/ImageIO.framework/Versions/A/Resources/libJPEG.dylib
0x00007fff36dab000 	/System/Library/Frameworks/ImageIO.framework/Versions/A/Resources/libTIFF.dylib
0x00007fff36d8e000 	/System/Library/Frameworks/ImageIO.framework/Versions/A/Resources/libPng.dylib
0x00007fff36a2e000 	/System/Library/Frameworks/ImageIO.framework/Versions/A/Resources/libGIF.dylib
0x00007fff36a32000 	/System/Library/Frameworks/ImageIO.framework/Versions/A/Resources/libJP2.dylib
0x00007fff36da9000 	/System/Library/Frameworks/ImageIO.framework/Versions/A/Resources/libRadiance.dylib
0x00007fff6b80f000 	/usr/lib/libexpat.1.dylib
0x00007fff47445000 	/System/Library/PrivateFrameworks/AppleJPEG.framework/Versions/A/AppleJPEG
0x00007fff50116000 	/System/Library/PrivateFrameworks/FontServices.framework/libFontParser.dylib
0x00007fff669bc000 	/System/Library/PrivateFrameworks/WatchdogClient.framework/Versions/A/WatchdogClient
0x00007fff586fd000 	/System/Library/PrivateFrameworks/IOAccelerator.framework/Versions/A/IOAccelerator
0x00007fff392b8000 	/System/Library/Frameworks/MetalPerformanceShaders.framework/Versions/A/MetalPerformanceShaders
0x00007fff54e93000 	/System/Library/PrivateFrameworks/GPUWrangler.framework/Versions/A/GPUWrangler
0x00007fff58712000 	/System/Library/PrivateFrameworks/IOPresentment.framework/Versions/A/IOPresentment
0x00007fff4d980000 	/System/Library/PrivateFrameworks/DSExternalDisplay.framework/Versions/A/DSExternalDisplay
0x00007fff3d8c8000 	/System/Library/Frameworks/OpenGL.framework/Versions/A/Libraries/libCoreFSCache.dylib
0x00007fff39004000 	/System/Library/Frameworks/MetalPerformanceShaders.framework/Frameworks/MPSCore.framework/Versions/A/MPSCore
0x00007fff39042000 	/System/Library/Frameworks/MetalPerformanceShaders.framework/Frameworks/MPSImage.framework/Versions/A/MPSImage
0x00007fff39109000 	/System/Library/Frameworks/MetalPerformanceShaders.framework/Frameworks/MPSNeuralNetwork.framework/Versions/A/MPSNeuralNetwork
0x00007fff390cd000 	/System/Library/Frameworks/MetalPerformanceShaders.framework/Frameworks/MPSMatrix.framework/Versions/A/MPSMatrix
0x00007fff39268000 	/System/Library/Frameworks/MetalPerformanceShaders.framework/Frameworks/MPSRayIntersector.framework/Versions/A/MPSRayIntersector
0x00007fff390f3000 	/System/Library/Frameworks/MetalPerformanceShaders.framework/Frameworks/MPSNDArray.framework/Versions/A/MPSNDArray
0x00007fff5a57b000 	/System/Library/PrivateFrameworks/MetalTools.framework/Versions/A/MetalTools
0x00007fff46571000 	/System/Library/PrivateFrameworks/AggregateDictionary.framework/Versions/A/AggregateDictionary
0x00007fff4b313000 	/System/Library/PrivateFrameworks/CoreAnalytics.framework/Versions/A/CoreAnalytics
0x00007fff4787c000 	/System/Library/PrivateFrameworks/AppleSauce.framework/Versions/A/AppleSauce
0x00007fff6a7cd000 	/usr/lib/libIOReport.dylib
0x00007fff359b8000 	/System/Library/Frameworks/CoreVideo.framework/Versions/A/CoreVideo
0x00007fff5630c000 	/System/Library/PrivateFrameworks/GraphVisualizer.framework/Versions/A/GraphVisualizer
0x00007fff4f65c000 	/System/Library/PrivateFrameworks/FaceCore.framework/Versions/A/FaceCore
0x00007fff3cede000 	/System/Library/Frameworks/OpenCL.framework/Versions/A/OpenCL
0x00007fff6a5ef000 	/usr/lib/libFosl_dynamic.dylib
0x00007fff5ba51000 	/System/Library/PrivateFrameworks/OTSVG.framework/Versions/A/OTSVG
0x00007fff31b6d000 	/System/Library/Frameworks/ApplicationServices.framework/Versions/A/Frameworks/ATS.framework/Versions/A/Resources/libFontRegistry.dylib
0x00007fff502e7000 	/System/Library/PrivateFrameworks/FontServices.framework/libhvf.dylib
0x00007fff3d8d3000 	/System/Library/Frameworks/OpenGL.framework/Versions/A/Libraries/libGFXShared.dylib
0x00007fff3dab1000 	/System/Library/Frameworks/OpenGL.framework/Versions/A/Libraries/libGLU.dylib
0x00007fff3d8dc000 	/System/Library/Frameworks/OpenGL.framework/Versions/A/Libraries/libGL.dylib
0x00007fff3d8e7000 	/System/Library/Frameworks/OpenGL.framework/Versions/A/Libraries/libGLImage.dylib
0x00007fff3d8c5000 	/System/Library/Frameworks/OpenGL.framework/Versions/A/Libraries/libCVMSPluginSupport.dylib
0x00007fff3d8ce000 	/System/Library/Frameworks/OpenGL.framework/Versions/A/Libraries/libCoreVMClient.dylib
0x00007fff6c261000 	/usr/lib/libncurses.5.4.dylib
0x00007fff31a69000 	/System/Library/Frameworks/ApplicationServices.framework/Versions/A/Frameworks/ATS.framework/Versions/A/ATS
0x00007fff31c36000 	/System/Library/Frameworks/ApplicationServices.framework/Versions/A/Frameworks/ColorSyncLegacy.framework/Versions/A/ColorSyncLegacy
0x00007fff31cd4000 	/System/Library/Frameworks/ApplicationServices.framework/Versions/A/Frameworks/HIServices.framework/Versions/A/HIServices
0x00007fff31d2c000 	/System/Library/Frameworks/ApplicationServices.framework/Versions/A/Frameworks/LangAnalysis.framework/Versions/A/LangAnalysis
0x00007fff31d3b000 	/System/Library/Frameworks/ApplicationServices.framework/Versions/A/Frameworks/PrintCore.framework/Versions/A/PrintCore
0x00007fff31d81000 	/System/Library/Frameworks/ApplicationServices.framework/Versions/A/Frameworks/QD.framework/Versions/A/QD
0x00007fff31d8c000 	/System/Library/Frameworks/ApplicationServices.framework/Versions/A/Frameworks/SpeechSynthesis.framework/Versions/A/SpeechSynthesis
0x00007fff31c06000 	/System/Library/Frameworks/ApplicationServices.framework/Versions/A/Frameworks/ATSUI.framework/Versions/A/ATSUI
0x00007fff6b6a5000 	/usr/lib/libcups.2.dylib
0x00007fff38353000 	/System/Library/Frameworks/Kerberos.framework/Versions/A/Kerberos
0x00007fff36494000 	/System/Library/Frameworks/GSS.framework/Versions/A/GSS
0x00007fff6c9e4000 	/usr/lib/libresolv.9.dylib
0x00007fff564b9000 	/System/Library/PrivateFrameworks/Heimdal.framework/Versions/A/Heimdal
0x00007fff38366000 	/System/Library/Frameworks/Kerberos.framework/Versions/A/Libraries/libHeimdalProxy.dylib
0x00007fff6b84c000 	/usr/lib/libheimdal-asn1.dylib
0x00007fff4a7ab000 	/System/Library/PrivateFrameworks/CommonAuth.framework/Versions/A/CommonAuth
0x00007fff479fa000 	/System/Library/PrivateFrameworks/AssertionServices.framework/Versions/A/AssertionServices
0x00007fff4859d000 	/System/Library/PrivateFrameworks/AudioToolboxCore.framework/Versions/A/AudioToolboxCore
0x00007fff6766a000 	/System/Library/PrivateFrameworks/caulk.framework/Versions/A/caulk
0x00007fff48b66000 	/System/Library/PrivateFrameworks/BaseBoard.framework/Versions/A/BaseBoard
0x00007fff5fcb4000 	/System/Library/PrivateFrameworks/RunningBoardServices.framework/Versions/A/RunningBoardServices
0x00007fff5ccc5000 	/System/Library/PrivateFrameworks/PersistentConnection.framework/Versions/A/PersistentConnection
0x00007fff5f6ad000 	/System/Library/PrivateFrameworks/ProtocolBuffer.framework/Versions/A/ProtocolBuffer
0x00007fff4a7cf000 	/System/Library/PrivateFrameworks/CommonUtilities.framework/Versions/A/CommonUtilities
0x00007fff48cf4000 	/System/Library/PrivateFrameworks/Bom.framework/Versions/A/Bom
0x00007fff6a4a0000 	/usr/lib/libAudioToolboxUtility.dylib
0x00007fff48ac4000 	/System/Library/PrivateFrameworks/Backup.framework/Versions/A/Backup
0x00007fff4d8a1000 	/System/Library/PrivateFrameworks/CrashReporterSupport.framework/Versions/A/CrashReporterSupport
0x00007fff61746000 	/System/Library/PrivateFrameworks/Sharing.framework/Versions/A/Sharing
0x00007fff47008000 	/System/Library/PrivateFrameworks/Apple80211.framework/Versions/A/Apple80211
0x00007fff487e1000 	/System/Library/PrivateFrameworks/AuthKit.framework/Versions/A/AuthKit
0x00007fff4d5ae000 	/System/Library/PrivateFrameworks/CoreUtils.framework/Versions/A/CoreUtils
0x00007fff359fd000 	/System/Library/Frameworks/CoreWLAN.framework/Versions/A/CoreWLAN
0x00007fff36621000 	/System/Library/Frameworks/IOBluetooth.framework/Versions/A/IOBluetooth
0x00007fff5a880000 	/System/Library/PrivateFrameworks/MobileKeyBag.framework/Versions/A/MobileKeyBag
0x00007fff4c3b3000 	/System/Library/PrivateFrameworks/CorePhoneNumbers.framework/Versions/A/CorePhoneNumbers
0x00007fff473f8000 	/System/Library/PrivateFrameworks/AppleIDAuthSupport.framework/Versions/A/AppleIDAuthSupport
0x00007fff3a355000 	/System/Library/Frameworks/Network.framework/Versions/A/Network
0x00007fff58f4e000 	/System/Library/PrivateFrameworks/KeychainCircle.framework/Versions/A/KeychainCircle
0x00007fff3344e000 	/System/Library/Frameworks/CoreBluetooth.framework/Versions/A/CoreBluetooth
0x00007fff637c5000 	/System/Library/PrivateFrameworks/SpeechRecognitionCore.framework/Versions/A/SpeechRecognitionCore
0x0000000109c00000 	/Library/Java/JavaVirtualMachines/jdk-14.0.2.jdk/Contents/Home/lib/server/libjvm.dylib
0x0000000108240000 	/Library/Java/JavaVirtualMachines/jdk-14.0.2.jdk/Contents/Home/lib/libjimage.dylib
0x0000000108295000 	/Library/Java/JavaVirtualMachines/jdk-14.0.2.jdk/Contents/Home/lib/libjava.dylib
0x00000001082bd000 	/Library/Java/JavaVirtualMachines/jdk-14.0.2.jdk/Contents/Home/lib/libzip.dylib
0x0000000108a25000 	/Library/Java/JavaVirtualMachines/jdk-14.0.2.jdk/Contents/Home/lib/libnio.dylib
0x0000000108b4f000 	/Library/Java/JavaVirtualMachines/jdk-14.0.2.jdk/Contents/Home/lib/libnet.dylib
0x0000000108b67000 	/Users/avishekbhusal/Library/Application Support/Code/User/globalStorage/redhat.java/0.70.0/config_mac/org.eclipse.equinox.launcher/org.eclipse.equinox.launcher.cocoa.macosx.x86_64_1.2.0.v20200915-1442/eclipse_11103.so
0x00007fff4cdcc000 	/System/Library/PrivateFrameworks/CoreServicesInternal.framework/Versions/A/CoreServicesInternal
0x00007fff35f1c000 	/System/Library/Frameworks/FileProvider.framework/Versions/A/FileProvider
0x00007fff30aaf000 	/System/Library/Frameworks/Accounts.framework/Versions/A/Accounts
0x00007fff551b8000 	/System/Library/PrivateFrameworks/GenerationalStorage.framework/Versions/A/GenerationalStorage
0x00007fff4d353000 	/System/Library/PrivateFrameworks/CoreSymbolication.framework/Versions/A/CoreSymbolication
0x00007fff64007000 	/System/Library/PrivateFrameworks/SymptomDiagnosticReporter.framework/Versions/A/SymptomDiagnosticReporter
0x00007fff46b0c000 	/System/Library/PrivateFrameworks/AppContainer.framework/Versions/A/AppContainer
0x00007fff6c9fe000 	/usr/lib/libsandbox.1.dylib
0x00007fff65960000 	/System/Library/PrivateFrameworks/UserManagement.framework/Versions/A/UserManagement
0x00007fff498b0000 	/System/Library/PrivateFrameworks/ChunkingLibrary.framework/Versions/A/ChunkingLibrary
0x00007fff4dad5000 	/System/Library/PrivateFrameworks/DebugSymbols.framework/Versions/A/DebugSymbols
0x00007fff46b7e000 	/System/Library/PrivateFrameworks/AppSandbox.framework/Versions/A/AppSandbox
0x00007fff615d0000 	/System/Library/PrivateFrameworks/SecCodeWrapper.framework/Versions/A/SecCodeWrapper
0x00007fff6a8b5000 	/usr/lib/libMatch.1.dylib
0x00007fff6672c000 	/System/Library/PrivateFrameworks/ViewBridge.framework/Versions/A/ViewBridge


VM Arguments:
jvm_args: --add-modules=ALL-SYSTEM --add-opens=java.base/java.util=ALL-UNNAMED --add-opens=java.base/java.lang=ALL-UNNAMED -Declipse.application=org.eclipse.jdt.ls.core.id1 -Dosgi.bundles.defaultStartLevel=4 -Declipse.product=org.eclipse.jdt.ls.core.product -Dfile.encoding=utf8 -XX:+UseParallelGC -XX:GCTimeRatio=4 -XX:AdaptiveSizePolicyWeight=90 -Dsun.zip.disableMemoryMapping=true -Xmx1G -Xms100m 
java_command: /Users/avishekbhusal/.vscode/extensions/redhat.java-0.70.0/server/plugins/org.eclipse.equinox.launcher_1.6.0.v20200915-1508.jar -configuration /Users/avishekbhusal/Library/Application Support/Code/User/globalStorage/redhat.java/0.70.0/config_mac -data /Users/avishekbhusal/Library/Application Support/Code/User/workspaceStorage/6fe732eadeebe1d5a83c3864aa8d1994/redhat.java/jdt_ws
java_class_path (initial): /Users/avishekbhusal/.vscode/extensions/redhat.java-0.70.0/server/plugins/org.eclipse.equinox.launcher_1.6.0.v20200915-1508.jar
Launcher Type: SUN_STANDARD

[Global flags]
    uintx AdaptiveSizePolicyWeight                 = 90                                        {product} {command line}
     intx CICompilerCount                          = 4                                         {product} {ergonomic}
    uintx GCTimeRatio                              = 4                                         {product} {command line}
   size_t InitialHeapSize                          = 104857600                                 {product} {command line}
   size_t MaxHeapSize                              = 1073741824                                {product} {command line}
   size_t MaxNewSize                               = 357564416                                 {product} {ergonomic}
   size_t MinHeapDeltaBytes                        = 524288                                    {product} {ergonomic}
   size_t MinHeapSize                              = 104857600                                 {product} {command line}
   size_t NewSize                                  = 34603008                                  {product} {ergonomic}
    uintx NonNMethodCodeHeapSize                   = 5839372                                {pd product} {ergonomic}
    uintx NonProfiledCodeHeapSize                  = 122909434                              {pd product} {ergonomic}
   size_t OldSize                                  = 70254592                                  {product} {ergonomic}
    uintx ProfiledCodeHeapSize                     = 122909434                              {pd product} {ergonomic}
    uintx ReservedCodeCacheSize                    = 251658240                              {pd product} {ergonomic}
     bool SegmentedCodeCache                       = true                                      {product} {ergonomic}
   size_t SoftMaxHeapSize                          = 1073741824                             {manageable} {ergonomic}
     bool UseCompressedClassPointers               = true                                 {lp64_product} {ergonomic}
     bool UseCompressedOops                        = true                                 {lp64_product} {ergonomic}
     bool UseParallelGC                            = true                                      {product} {command line}

Logging:
Log output configuration:
 #0: stdout all=warning uptime,level,tags
 #1: stderr all=off uptime,level,tags

Environment Variables:
PATH=/Library/Frameworks/Python.framework/Versions/3.8/bin:/Library/Frameworks/Python.framework/Versions/3.8/bin:/Library/Frameworks/Python.framework/Versions/3.8/bin:/usr/local/bin:/usr/bin:/bin:/usr/sbin:/sbin:/Library/Apple/usr/bin:/Users/avishekbhusal/Library/Android/sdk/emulator:/Users/avishekbhusal/Library/Android/sdk/tools:/Users/avishekbhusal/Library/Android/sdk/tools/bin:/Users/avishekbhusal/Library/Android/sdk/platform-tools
SHELL=/bin/bash

Signal Handlers:
SIGSEGV: [libjvm.dylib+0x7415b8], sa_mask[0]=11111111011111110111111111111111, sa_flags=SA_ONSTACK|SA_RESTART|SA_SIGINFO
SIGBUS: [libjvm.dylib+0x7415b8], sa_mask[0]=11111111011111110111111111111111, sa_flags=SA_RESTART|SA_SIGINFO
SIGFPE: [libjvm.dylib+0x7415b8], sa_mask[0]=11111111011111110111111111111111, sa_flags=SA_RESTART|SA_SIGINFO
SIGPIPE: [libjvm.dylib+0x5eb4b1], sa_mask[0]=11111111011111110111111111111111, sa_flags=SA_RESTART|SA_SIGINFO
SIGXFSZ: [libjvm.dylib+0x5eb4b1], sa_mask[0]=11111111011111110111111111111111, sa_flags=SA_RESTART|SA_SIGINFO
SIGILL: [libjvm.dylib+0x7415b8], sa_mask[0]=11111111011111110111111111111111, sa_flags=SA_RESTART|SA_SIGINFO
SIGUSR2: [libjvm.dylib+0x5eba83], sa_mask[0]=00000000000000000000000000000000, sa_flags=SA_RESTART|SA_SIGINFO
SIGHUP: [libjvm.dylib+0x5eaae5], sa_mask[0]=11111111011111110111111111111111, sa_flags=SA_RESTART|SA_SIGINFO
SIGINT: [libjvm.dylib+0x5eaae5], sa_mask[0]=11111111011111110111111111111111, sa_flags=SA_RESTART|SA_SIGINFO
SIGTERM: [libjvm.dylib+0x5eaae5], sa_mask[0]=11111111011111110111111111111111, sa_flags=SA_RESTART|SA_SIGINFO
SIGQUIT: [libjvm.dylib+0x5eaae5], sa_mask[0]=11111111011111110111111111111111, sa_flags=SA_RESTART|SA_SIGINFO


---------------  S Y S T E M  ---------------

OS:uname:Darwin 19.6.0 Darwin Kernel Version 19.6.0: Thu Oct 29 22:56:45 PDT 2020; root:xnu-6153.141.2.2~1/RELEASE_X86_64 x86_64
OS uptime: 2 days 3:32 hours
rlimit: STACK 8192k, CORE 0k, NPROC 2784, NOFILE 10240, AS infinity, DATA infinity, FSIZE infinity
load average:58.90 25.25 11.84

CPU:total 8 (initial active 8) (4 cores per cpu, 2 threads per core) family 6 model 158 stepping 9, cmov, cx8, fxsr, mmx, sse, sse2, sse3, ssse3, sse4.1, sse4.2, popcnt, avx, avx2, aes, clmul, erms, 3dnowpref, lzcnt, ht, tsc, tscinvbit, bmi1, bmi2, adx, fma

Memory: 4k page, physical 16777216k(1463688k free), swap 1048576k(763136k free)

vm_info: Java HotSpot(TM) 64-Bit Server VM (14.0.2+12-46) for bsd-amd64 JRE (14.0.2+12-46), built on Jul  8 2020 23:32:31 by "mach5one" with clang 4.2.1 Compatible Apple LLVM 10.0.0 (clang-1000.11.45.5)

END.
